TN:
SF:src/services/core/FinancialService.ts
FN:62,(anonymous_7)
FN:78,(anonymous_8)
FN:96,(anonymous_10)
FN:103,(anonymous_12)
FN:117,(anonymous_13)
FN:129,(anonymous_14)
FN:144,(anonymous_15)
FN:173,(anonymous_17)
FN:198,(anonymous_19)
FN:204,(anonymous_21)
FN:240,(anonymous_22)
FN:297,(anonymous_24)
FN:326,(anonymous_26)
FN:351,(anonymous_28)
FN:357,(anonymous_30)
FN:393,(anonymous_31)
FN:450,(anonymous_33)
FN:457,(anonymous_35)
FN:458,(anonymous_36)
FN:459,(anonymous_37)
FN:462,(anonymous_38)
FN:463,(anonymous_39)
FN:464,(anonymous_40)
FN:487,(anonymous_41)
FN:492,(anonymous_43)
FN:496,(anonymous_44)
FN:514,(anonymous_45)
FN:519,(anonymous_47)
FN:523,(anonymous_48)
FN:527,(anonymous_49)
FNF:30
FNH:3
FNDA:5,(anonymous_7)
FNDA:2,(anonymous_8)
FNDA:2,(anonymous_10)
FNDA:0,(anonymous_12)
FNDA:0,(anonymous_13)
FNDA:0,(anonymous_14)
FNDA:0,(anonymous_15)
FNDA:0,(anonymous_17)
FNDA:0,(anonymous_19)
FNDA:0,(anonymous_21)
FNDA:0,(anonymous_22)
FNDA:0,(anonymous_24)
FNDA:0,(anonymous_26)
FNDA:0,(anonymous_28)
FNDA:0,(anonymous_30)
FNDA:0,(anonymous_31)
FNDA:0,(anonymous_33)
FNDA:0,(anonymous_35)
FNDA:0,(anonymous_36)
FNDA:0,(anonymous_37)
FNDA:0,(anonymous_38)
FNDA:0,(anonymous_39)
FNDA:0,(anonymous_40)
FNDA:0,(anonymous_41)
FNDA:0,(anonymous_43)
FNDA:0,(anonymous_44)
FNDA:0,(anonymous_45)
FNDA:0,(anonymous_47)
FNDA:0,(anonymous_48)
FNDA:0,(anonymous_49)
DA:6,1
DA:16,1
DA:17,1
DA:62,1
DA:64,5
DA:67,5
DA:68,5
DA:69,5
DA:72,5
DA:73,5
DA:79,2
DA:80,0
DA:83,2
DA:84,2
DA:85,2
DA:86,2
DA:88,0
DA:89,0
DA:97,2
DA:99,2
DA:100,0
DA:101,0
DA:103,0
DA:104,0
DA:106,0
DA:107,0
DA:109,0
DA:113,0
DA:114,0
DA:115,0
DA:117,0
DA:118,0
DA:120,0
DA:121,0
DA:123,0
DA:127,0
DA:128,0
DA:129,0
DA:130,0
DA:134,2
DA:145,0
DA:146,0
DA:153,0
DA:156,0
DA:159,0
DA:160,0
DA:162,0
DA:164,0
DA:166,0
DA:174,0
DA:175,0
DA:176,0
DA:177,0
DA:180,0
DA:186,0
DA:187,0
DA:189,0
DA:191,0
DA:199,0
DA:200,0
DA:203,0
DA:204,0
DA:205,0
DA:206,0
DA:207,0
DA:208,0
DA:209,0
DA:210,0
DA:211,0
DA:212,0
DA:213,0
DA:214,0
DA:216,0
DA:221,0
DA:222,0
DA:223,0
DA:224,0
DA:225,0
DA:226,0
DA:228,0
DA:233,0
DA:241,0
DA:242,0
DA:243,0
DA:244,0
DA:247,0
DA:248,0
DA:251,0
DA:252,0
DA:253,0
DA:257,0
DA:266,0
DA:279,0
DA:280,0
DA:283,0
DA:284,0
DA:286,0
DA:288,0
DA:298,0
DA:299,0
DA:306,0
DA:309,0
DA:312,0
DA:313,0
DA:315,0
DA:317,0
DA:319,0
DA:327,0
DA:328,0
DA:329,0
DA:330,0
DA:333,0
DA:339,0
DA:340,0
DA:342,0
DA:344,0
DA:352,0
DA:353,0
DA:356,0
DA:357,0
DA:358,0
DA:359,0
DA:360,0
DA:361,0
DA:362,0
DA:363,0
DA:364,0
DA:365,0
DA:366,0
DA:367,0
DA:369,0
DA:374,0
DA:375,0
DA:376,0
DA:377,0
DA:378,0
DA:379,0
DA:381,0
DA:386,0
DA:394,0
DA:395,0
DA:396,0
DA:397,0
DA:400,0
DA:401,0
DA:404,0
DA:405,0
DA:406,0
DA:410,0
DA:419,0
DA:432,0
DA:433,0
DA:436,0
DA:437,0
DA:439,0
DA:441,0
DA:451,0
DA:452,0
DA:453,0
DA:454,0
DA:457,0
DA:458,0
DA:459,0
DA:462,0
DA:463,0
DA:464,0
DA:466,0
DA:478,0
DA:480,0
DA:488,0
DA:489,0
DA:491,0
DA:492,0
DA:495,0
DA:496,0
DA:499,0
DA:507,0
DA:515,0
DA:516,0
DA:518,0
DA:519,0
DA:522,0
DA:523,0
DA:527,0
DA:529,0
DA:531,0
LF:186
LH:18
BRDA:79,0,0,0
BRDA:79,0,1,2
BRDA:99,1,0,2
BRDA:99,1,1,0
BRDA:106,2,0,0
BRDA:106,2,1,0
BRDA:113,3,0,0
BRDA:113,3,1,0
BRDA:120,4,0,0
BRDA:120,4,1,0
BRDA:127,5,0,0
BRDA:127,5,1,0
BRDA:159,6,0,0
BRDA:159,6,1,0
BRDA:176,7,0,0
BRDA:176,7,1,0
BRDA:203,8,0,0
BRDA:203,8,1,0
BRDA:205,9,0,0
BRDA:205,9,1,0
BRDA:205,10,0,0
BRDA:205,10,1,0
BRDA:206,11,0,0
BRDA:206,11,1,0
BRDA:206,12,0,0
BRDA:206,12,1,0
BRDA:207,13,0,0
BRDA:207,13,1,0
BRDA:208,14,0,0
BRDA:208,14,1,0
BRDA:208,15,0,0
BRDA:208,15,1,0
BRDA:209,16,0,0
BRDA:209,16,1,0
BRDA:209,17,0,0
BRDA:209,17,1,0
BRDA:210,18,0,0
BRDA:210,18,1,0
BRDA:210,19,0,0
BRDA:210,19,1,0
BRDA:211,20,0,0
BRDA:211,20,1,0
BRDA:213,21,0,0
BRDA:213,21,1,0
BRDA:213,22,0,0
BRDA:213,22,1,0
BRDA:213,23,0,0
BRDA:213,23,1,0
BRDA:213,24,0,0
BRDA:213,24,1,0
BRDA:214,25,0,0
BRDA:214,25,1,0
BRDA:214,26,0,0
BRDA:214,26,1,0
BRDA:221,27,0,0
BRDA:221,27,1,0
BRDA:221,28,0,0
BRDA:221,28,1,0
BRDA:221,29,0,0
BRDA:221,29,1,0
BRDA:222,30,0,0
BRDA:222,30,1,0
BRDA:222,31,0,0
BRDA:222,31,1,0
BRDA:222,32,0,0
BRDA:222,32,1,0
BRDA:243,33,0,0
BRDA:243,33,1,0
BRDA:247,34,0,0
BRDA:247,34,1,0
BRDA:251,35,0,0
BRDA:251,35,1,0
BRDA:252,36,0,0
BRDA:252,36,1,0
BRDA:261,37,0,0
BRDA:261,37,1,0
BRDA:312,38,0,0
BRDA:312,38,1,0
BRDA:329,39,0,0
BRDA:329,39,1,0
BRDA:356,40,0,0
BRDA:356,40,1,0
BRDA:358,41,0,0
BRDA:358,41,1,0
BRDA:358,42,0,0
BRDA:358,42,1,0
BRDA:359,43,0,0
BRDA:359,43,1,0
BRDA:359,44,0,0
BRDA:359,44,1,0
BRDA:360,45,0,0
BRDA:360,45,1,0
BRDA:360,45,2,0
BRDA:361,46,0,0
BRDA:361,46,1,0
BRDA:361,47,0,0
BRDA:361,47,1,0
BRDA:362,48,0,0
BRDA:362,48,1,0
BRDA:362,49,0,0
BRDA:362,49,1,0
BRDA:363,50,0,0
BRDA:363,50,1,0
BRDA:363,51,0,0
BRDA:363,51,1,0
BRDA:364,52,0,0
BRDA:364,52,1,0
BRDA:366,53,0,0
BRDA:366,53,1,0
BRDA:366,54,0,0
BRDA:366,54,1,0
BRDA:366,55,0,0
BRDA:366,55,1,0
BRDA:366,56,0,0
BRDA:366,56,1,0
BRDA:367,57,0,0
BRDA:367,57,1,0
BRDA:367,58,0,0
BRDA:367,58,1,0
BRDA:374,59,0,0
BRDA:374,59,1,0
BRDA:374,60,0,0
BRDA:374,60,1,0
BRDA:374,61,0,0
BRDA:374,61,1,0
BRDA:375,62,0,0
BRDA:375,62,1,0
BRDA:375,63,0,0
BRDA:375,63,1,0
BRDA:375,64,0,0
BRDA:375,64,1,0
BRDA:396,65,0,0
BRDA:396,65,1,0
BRDA:400,66,0,0
BRDA:400,66,1,0
BRDA:404,67,0,0
BRDA:404,67,1,0
BRDA:405,68,0,0
BRDA:405,68,1,0
BRDA:414,69,0,0
BRDA:414,69,1,0
BRDA:457,70,0,0
BRDA:457,70,1,0
BRDA:458,71,0,0
BRDA:458,71,1,0
BRDA:459,72,0,0
BRDA:459,72,1,0
BRDA:462,73,0,0
BRDA:462,73,1,0
BRDA:463,74,0,0
BRDA:463,74,1,0
BRDA:464,75,0,0
BRDA:464,75,1,0
BRDA:492,76,0,0
BRDA:492,76,1,0
BRDA:496,77,0,0
BRDA:496,77,1,0
BRDA:518,78,0,0
BRDA:518,78,1,0
BRDA:522,79,0,0
BRDA:522,79,1,0
BRF:161
BRH:2
end_of_record
TN:
SF:src/services/core/InventoryService.ts
FN:63,(anonymous_7)
FN:80,(anonymous_8)
FN:94,(anonymous_10)
FN:109,(anonymous_12)
FN:113,(anonymous_14)
FN:134,(anonymous_15)
FN:138,(anonymous_17)
FN:159,(anonymous_18)
FN:163,(anonymous_20)
FN:183,(anonymous_21)
FN:187,(anonymous_23)
FN:196,(anonymous_24)
FN:200,(anonymous_26)
FN:208,(anonymous_27)
FN:212,(anonymous_29)
FN:220,(anonymous_30)
FN:226,(anonymous_31)
FN:246,(anonymous_32)
FN:304,(anonymous_34)
FN:374,(anonymous_36)
FN:386,(anonymous_38)
FN:432,(anonymous_39)
FN:455,(anonymous_41)
FN:461,(anonymous_43)
FN:516,(anonymous_44)
FN:541,(anonymous_46)
FN:558,(anonymous_48)
FN:583,(anonymous_50)
FN:600,(anonymous_52)
FN:625,(anonymous_54)
FN:642,(anonymous_56)
FN:642,(anonymous_57)
FN:645,(anonymous_58)
FN:668,(anonymous_59)
FN:671,(anonymous_61)
FN:760,(anonymous_62)
FN:765,(anonymous_64)
FN:769,(anonymous_65)
FN:770,(anonymous_66)
FN:771,(anonymous_67)
FN:779,(anonymous_68)
FN:793,(anonymous_69)
FN:813,(anonymous_70)
FN:817,(anonymous_72)
FN:822,(anonymous_74)
FN:827,(anonymous_76)
FN:832,(anonymous_78)
FN:837,(anonymous_80)
FN:842,(anonymous_82)
FN:847,(anonymous_84)
FN:852,(anonymous_86)
FN:855,(anonymous_88)
FN:859,(anonymous_89)
FN:861,(anonymous_90)
FN:862,(anonymous_91)
FN:876,(anonymous_92)
FN:882,(anonymous_94)
FN:925,(anonymous_95)
FN:931,(anonymous_97)
FN:968,(anonymous_98)
FN:970,(anonymous_100)
FN:987,(anonymous_101)
FN:1018,(anonymous_103)
FN:1030,(anonymous_105)
FN:1055,(anonymous_106)
FN:1086,(anonymous_108)
FN:1111,(anonymous_110)
FN:1142,(anonymous_112)
FN:1154,(anonymous_114)
FN:1179,(anonymous_115)
FN:1216,(anonymous_117)
FN:1230,(anonymous_119)
FN:1244,(anonymous_121)
FNF:73
FNH:10
FNDA:5,(anonymous_7)
FNDA:2,(anonymous_8)
FNDA:2,(anonymous_10)
FNDA:2,(anonymous_12)
FNDA:0,(anonymous_14)
FNDA:2,(anonymous_15)
FNDA:0,(anonymous_17)
FNDA:2,(anonymous_18)
FNDA:0,(anonymous_20)
FNDA:2,(anonymous_21)
FNDA:0,(anonymous_23)
FNDA:2,(anonymous_24)
FNDA:0,(anonymous_26)
FNDA:2,(anonymous_27)
FNDA:0,(anonymous_29)
FNDA:2,(anonymous_30)
FNDA:0,(anonymous_31)
FNDA:0,(anonymous_32)
FNDA:0,(anonymous_34)
FNDA:0,(anonymous_36)
FNDA:0,(anonymous_38)
FNDA:0,(anonymous_39)
FNDA:0,(anonymous_41)
FNDA:0,(anonymous_43)
FNDA:0,(anonymous_44)
FNDA:0,(anonymous_46)
FNDA:0,(anonymous_48)
FNDA:0,(anonymous_50)
FNDA:0,(anonymous_52)
FNDA:0,(anonymous_54)
FNDA:0,(anonymous_56)
FNDA:0,(anonymous_57)
FNDA:0,(anonymous_58)
FNDA:0,(anonymous_59)
FNDA:0,(anonymous_61)
FNDA:0,(anonymous_62)
FNDA:0,(anonymous_64)
FNDA:0,(anonymous_65)
FNDA:0,(anonymous_66)
FNDA:0,(anonymous_67)
FNDA:0,(anonymous_68)
FNDA:0,(anonymous_69)
FNDA:0,(anonymous_70)
FNDA:0,(anonymous_72)
FNDA:0,(anonymous_74)
FNDA:0,(anonymous_76)
FNDA:0,(anonymous_78)
FNDA:0,(anonymous_80)
FNDA:0,(anonymous_82)
FNDA:0,(anonymous_84)
FNDA:0,(anonymous_86)
FNDA:0,(anonymous_88)
FNDA:0,(anonymous_89)
FNDA:0,(anonymous_90)
FNDA:0,(anonymous_91)
FNDA:0,(anonymous_92)
FNDA:0,(anonymous_94)
FNDA:0,(anonymous_95)
FNDA:0,(anonymous_97)
FNDA:0,(anonymous_98)
FNDA:0,(anonymous_100)
FNDA:0,(anonymous_101)
FNDA:0,(anonymous_103)
FNDA:0,(anonymous_105)
FNDA:0,(anonymous_106)
FNDA:0,(anonymous_108)
FNDA:0,(anonymous_110)
FNDA:0,(anonymous_112)
FNDA:0,(anonymous_114)
FNDA:0,(anonymous_115)
FNDA:0,(anonymous_117)
FNDA:0,(anonymous_119)
FNDA:0,(anonymous_121)
DA:6,1
DA:25,1
DA:26,1
DA:27,1
DA:63,1
DA:64,5
DA:65,5
DA:68,5
DA:69,5
DA:70,5
DA:71,5
DA:72,5
DA:73,5
DA:76,5
DA:77,5
DA:78,5
DA:81,2
DA:83,2
DA:84,2
DA:85,2
DA:86,2
DA:87,2
DA:89,0
DA:90,0
DA:96,2
DA:106,2
DA:110,2
DA:111,2
DA:112,0
DA:113,0
DA:114,0
DA:117,2
DA:119,2
DA:130,2
DA:135,2
DA:136,2
DA:137,0
DA:138,0
DA:139,0
DA:142,2
DA:144,2
DA:155,2
DA:160,2
DA:161,2
DA:162,0
DA:163,0
DA:164,0
DA:167,2
DA:169,2
DA:179,2
DA:184,2
DA:185,2
DA:186,0
DA:187,0
DA:188,0
DA:191,2
DA:197,2
DA:198,2
DA:199,0
DA:200,0
DA:201,0
DA:204,2
DA:209,2
DA:210,2
DA:211,0
DA:212,0
DA:213,0
DA:216,2
DA:222,2
DA:223,2
DA:224,2
DA:226,2
DA:227,0
DA:228,0
DA:230,0
DA:231,0
DA:235,0
DA:236,0
DA:237,0
DA:239,0
DA:247,0
DA:249,0
DA:250,0
DA:257,0
DA:258,0
DA:264,0
DA:272,0
DA:275,0
DA:278,0
DA:279,0
DA:281,0
DA:282,0
DA:284,0
DA:285,0
DA:286,0
DA:288,0
DA:291,0
DA:296,0
DA:297,0
DA:305,0
DA:306,0
DA:307,0
DA:308,0
DA:315,0
DA:316,0
DA:317,0
DA:325,0
DA:326,0
DA:327,0
DA:334,0
DA:341,0
DA:344,0
DA:347,0
DA:348,0
DA:350,0
DA:351,0
DA:354,0
DA:355,0
DA:357,0
DA:358,0
DA:361,0
DA:366,0
DA:367,0
DA:375,0
DA:376,0
DA:377,0
DA:378,0
DA:385,0
DA:386,0
DA:389,0
DA:390,0
DA:397,0
DA:400,0
DA:403,0
DA:404,0
DA:406,0
DA:407,0
DA:409,0
DA:410,0
DA:411,0
DA:412,0
DA:413,0
DA:414,0
DA:419,0
DA:424,0
DA:425,0
DA:433,0
DA:434,0
DA:435,0
DA:436,0
DA:442,0
DA:447,0
DA:448,0
DA:456,0
DA:457,0
DA:460,0
DA:461,0
DA:462,0
DA:463,0
DA:464,0
DA:467,0
DA:471,0
DA:472,0
DA:475,0
DA:476,0
DA:479,0
DA:480,0
DA:483,0
DA:488,0
DA:489,0
DA:490,0
DA:491,0
DA:492,0
DA:493,0
DA:495,0
DA:506,0
DA:507,0
DA:517,0
DA:518,0
DA:525,0
DA:526,0
DA:528,0
DA:533,0
DA:534,0
DA:542,0
DA:543,0
DA:548,0
DA:549,0
DA:559,0
DA:560,0
DA:567,0
DA:568,0
DA:570,0
DA:575,0
DA:576,0
DA:584,0
DA:585,0
DA:590,0
DA:591,0
DA:601,0
DA:602,0
DA:609,0
DA:610,0
DA:612,0
DA:617,0
DA:618,0
DA:626,0
DA:627,0
DA:632,0
DA:633,0
DA:642,0
DA:643,0
DA:644,0
DA:645,0
DA:648,0
DA:649,0
DA:655,0
DA:660,0
DA:661,0
DA:669,0
DA:670,0
DA:671,0
DA:674,0
DA:676,0
DA:696,0
DA:698,0
DA:699,0
DA:700,0
DA:701,0
DA:702,0
DA:703,0
DA:708,0
DA:709,0
DA:712,0
DA:713,0
DA:714,0
DA:717,0
DA:738,0
DA:739,0
DA:742,0
DA:743,0
DA:745,0
DA:750,0
DA:751,0
DA:761,0
DA:762,0
DA:765,0
DA:769,0
DA:770,0
DA:771,0
DA:778,0
DA:779,0
DA:783,0
DA:784,0
DA:785,0
DA:786,0
DA:791,0
DA:792,0
DA:793,0
DA:794,0
DA:797,0
DA:802,0
DA:803,0
DA:814,0
DA:818,0
DA:823,0
DA:828,0
DA:833,0
DA:838,0
DA:843,0
DA:848,0
DA:853,0
DA:854,0
DA:855,0
DA:859,0
DA:861,0
DA:862,0
DA:865,0
DA:867,0
DA:877,0
DA:878,0
DA:881,0
DA:882,0
DA:883,0
DA:884,0
DA:886,0
DA:887,0
DA:889,0
DA:890,0
DA:892,0
DA:893,0
DA:895,0
DA:900,0
DA:901,0
DA:902,0
DA:903,0
DA:904,0
DA:905,0
DA:907,0
DA:918,0
DA:926,0
DA:927,0
DA:930,0
DA:931,0
DA:932,0
DA:933,0
DA:935,0
DA:936,0
DA:938,0
DA:943,0
DA:944,0
DA:945,0
DA:946,0
DA:947,0
DA:948,0
DA:950,0
DA:961,0
DA:969,0
DA:970,0
DA:971,0
DA:972,0
DA:975,0
DA:980,0
DA:988,0
DA:989,0
DA:990,0
DA:991,0
DA:997,0
DA:1003,0
DA:1004,0
DA:1006,0
DA:1011,0
DA:1019,0
DA:1020,0
DA:1021,0
DA:1022,0
DA:1029,0
DA:1030,0
DA:1033,0
DA:1034,0
DA:1040,0
DA:1041,0
DA:1043,0
DA:1048,0
DA:1056,0
DA:1057,0
DA:1058,0
DA:1059,0
DA:1065,0
DA:1071,0
DA:1072,0
DA:1074,0
DA:1079,0
DA:1087,0
DA:1088,0
DA:1089,0
DA:1090,0
DA:1096,0
DA:1097,0
DA:1099,0
DA:1104,0
DA:1112,0
DA:1113,0
DA:1114,0
DA:1115,0
DA:1121,0
DA:1127,0
DA:1128,0
DA:1130,0
DA:1135,0
DA:1143,0
DA:1144,0
DA:1145,0
DA:1146,0
DA:1153,0
DA:1154,0
DA:1157,0
DA:1158,0
DA:1164,0
DA:1165,0
DA:1167,0
DA:1172,0
DA:1180,0
DA:1181,0
DA:1182,0
DA:1183,0
DA:1190,0
DA:1191,0
DA:1192,0
DA:1193,0
DA:1194,0
DA:1199,0
DA:1200,0
DA:1201,0
DA:1203,0
DA:1208,0
DA:1218,0
DA:1219,0
DA:1220,0
DA:1221,0
DA:1222,0
DA:1223,0
DA:1224,0
DA:1225,0
DA:1227,0
DA:1232,0
DA:1233,0
DA:1234,0
DA:1235,0
DA:1236,0
DA:1237,0
DA:1238,0
DA:1239,0
DA:1241,0
DA:1246,0
DA:1247,0
DA:1248,0
DA:1249,0
DA:1250,0
DA:1251,0
DA:1252,0
DA:1253,0
DA:1255,0
LF:423
LH:52
BRDA:81,0,0,0
BRDA:81,0,1,2
BRDA:227,1,0,0
BRDA:227,1,1,0
BRDA:230,2,0,0
BRDA:230,2,1,0
BRDA:235,3,0,0
BRDA:235,3,1,0
BRDA:236,4,0,0
BRDA:236,4,1,0
BRDA:249,5,0,0
BRDA:249,5,1,0
BRDA:249,6,0,0
BRDA:249,6,1,0
BRDA:257,7,0,0
BRDA:257,7,1,0
BRDA:257,8,0,0
BRDA:257,8,1,0
BRDA:278,9,0,0
BRDA:278,9,1,0
BRDA:281,10,0,0
BRDA:281,10,1,0
BRDA:284,11,0,0
BRDA:284,11,1,0
BRDA:285,12,0,0
BRDA:285,12,1,0
BRDA:299,13,0,0
BRDA:299,13,1,0
BRDA:307,14,0,0
BRDA:307,14,1,0
BRDA:315,15,0,0
BRDA:315,15,1,0
BRDA:315,16,0,0
BRDA:315,16,1,0
BRDA:316,17,0,0
BRDA:316,17,1,0
BRDA:325,18,0,0
BRDA:325,18,1,0
BRDA:325,19,0,0
BRDA:325,19,1,0
BRDA:326,20,0,0
BRDA:326,20,1,0
BRDA:347,21,0,0
BRDA:347,21,1,0
BRDA:350,22,0,0
BRDA:350,22,1,0
BRDA:354,23,0,0
BRDA:354,23,1,0
BRDA:357,24,0,0
BRDA:357,24,1,0
BRDA:369,25,0,0
BRDA:369,25,1,0
BRDA:377,26,0,0
BRDA:377,26,1,0
BRDA:386,27,0,0
BRDA:386,27,1,0
BRDA:389,28,0,0
BRDA:389,28,1,0
BRDA:403,29,0,0
BRDA:403,29,1,0
BRDA:406,30,0,0
BRDA:406,30,1,0
BRDA:409,31,0,0
BRDA:409,31,1,0
BRDA:411,32,0,0
BRDA:411,32,1,0
BRDA:413,33,0,0
BRDA:413,33,1,0
BRDA:427,34,0,0
BRDA:427,34,1,0
BRDA:435,35,0,0
BRDA:435,35,1,0
BRDA:450,36,0,0
BRDA:450,36,1,0
BRDA:460,37,0,0
BRDA:460,37,1,0
BRDA:462,38,0,0
BRDA:462,38,1,0
BRDA:464,39,0,0
BRDA:464,39,1,0
BRDA:464,40,0,0
BRDA:464,40,1,0
BRDA:464,40,2,0
BRDA:465,41,0,0
BRDA:465,41,1,0
BRDA:465,42,0,0
BRDA:465,42,1,0
BRDA:466,43,0,0
BRDA:466,43,1,0
BRDA:466,44,0,0
BRDA:466,44,1,0
BRDA:471,45,0,0
BRDA:471,45,1,0
BRDA:471,46,0,0
BRDA:471,46,1,0
BRDA:475,47,0,0
BRDA:475,47,1,0
BRDA:475,48,0,0
BRDA:475,48,1,0
BRDA:479,49,0,0
BRDA:479,49,1,0
BRDA:479,50,0,0
BRDA:479,50,1,0
BRDA:488,51,0,0
BRDA:488,51,1,0
BRDA:488,52,0,0
BRDA:488,52,1,0
BRDA:488,53,0,0
BRDA:488,53,1,0
BRDA:489,54,0,0
BRDA:489,54,1,0
BRDA:489,55,0,0
BRDA:489,55,1,0
BRDA:489,56,0,0
BRDA:489,56,1,0
BRDA:509,57,0,0
BRDA:509,57,1,0
BRDA:536,58,0,0
BRDA:536,58,1,0
BRDA:551,59,0,0
BRDA:551,59,1,0
BRDA:578,60,0,0
BRDA:578,60,1,0
BRDA:593,61,0,0
BRDA:593,61,1,0
BRDA:620,62,0,0
BRDA:620,62,1,0
BRDA:635,63,0,0
BRDA:635,63,1,0
BRDA:642,64,0,0
BRDA:645,65,0,0
BRDA:645,65,1,0
BRDA:648,66,0,0
BRDA:648,66,1,0
BRDA:663,67,0,0
BRDA:663,67,1,0
BRDA:671,68,0,0
BRDA:671,68,1,0
BRDA:674,69,0,0
BRDA:674,69,1,0
BRDA:698,70,0,0
BRDA:698,70,1,0
BRDA:701,71,0,0
BRDA:701,71,1,0
BRDA:702,72,0,0
BRDA:702,72,1,0
BRDA:729,73,0,0
BRDA:729,73,1,0
BRDA:730,74,0,0
BRDA:730,74,1,0
BRDA:753,75,0,0
BRDA:753,75,1,0
BRDA:785,76,0,0
BRDA:785,76,1,0
BRDA:792,77,0,0
BRDA:792,77,1,0
BRDA:793,78,0,0
BRDA:793,78,1,0
BRDA:805,79,0,0
BRDA:805,79,1,0
BRDA:869,80,0,0
BRDA:869,80,1,0
BRDA:881,81,0,0
BRDA:881,81,1,0
BRDA:883,82,0,0
BRDA:883,82,1,0
BRDA:883,83,0,0
BRDA:883,83,1,0
BRDA:886,84,0,0
BRDA:886,84,1,0
BRDA:886,85,0,0
BRDA:886,85,1,0
BRDA:889,86,0,0
BRDA:889,86,1,0
BRDA:889,87,0,0
BRDA:889,87,1,0
BRDA:892,88,0,0
BRDA:892,88,1,0
BRDA:892,89,0,0
BRDA:892,89,1,0
BRDA:900,90,0,0
BRDA:900,90,1,0
BRDA:900,91,0,0
BRDA:900,91,1,0
BRDA:900,92,0,0
BRDA:900,92,1,0
BRDA:901,93,0,0
BRDA:901,93,1,0
BRDA:901,94,0,0
BRDA:901,94,1,0
BRDA:901,95,0,0
BRDA:901,95,1,0
BRDA:920,96,0,0
BRDA:920,96,1,0
BRDA:930,97,0,0
BRDA:930,97,1,0
BRDA:932,98,0,0
BRDA:932,98,1,0
BRDA:932,99,0,0
BRDA:932,99,1,0
BRDA:935,100,0,0
BRDA:935,100,1,0
BRDA:935,101,0,0
BRDA:935,101,1,0
BRDA:943,102,0,0
BRDA:943,102,1,0
BRDA:943,103,0,0
BRDA:943,103,1,0
BRDA:943,104,0,0
BRDA:943,104,1,0
BRDA:944,105,0,0
BRDA:944,105,1,0
BRDA:944,106,0,0
BRDA:944,106,1,0
BRDA:944,107,0,0
BRDA:944,107,1,0
BRDA:963,108,0,0
BRDA:963,108,1,0
BRDA:972,109,0,0
BRDA:972,109,1,0
BRDA:982,110,0,0
BRDA:982,110,1,0
BRDA:990,111,0,0
BRDA:990,111,1,0
BRDA:1013,112,0,0
BRDA:1013,112,1,0
BRDA:1021,113,0,0
BRDA:1021,113,1,0
BRDA:1033,114,0,0
BRDA:1033,114,1,0
BRDA:1050,115,0,0
BRDA:1050,115,1,0
BRDA:1058,116,0,0
BRDA:1058,116,1,0
BRDA:1081,117,0,0
BRDA:1081,117,1,0
BRDA:1089,118,0,0
BRDA:1089,118,1,0
BRDA:1106,119,0,0
BRDA:1106,119,1,0
BRDA:1114,120,0,0
BRDA:1114,120,1,0
BRDA:1137,121,0,0
BRDA:1137,121,1,0
BRDA:1145,122,0,0
BRDA:1145,122,1,0
BRDA:1154,123,0,0
BRDA:1154,123,1,0
BRDA:1157,124,0,0
BRDA:1157,124,1,0
BRDA:1174,125,0,0
BRDA:1174,125,1,0
BRDA:1182,126,0,0
BRDA:1182,126,1,0
BRDA:1191,127,0,0
BRDA:1191,127,1,0
BRDA:1210,128,0,0
BRDA:1210,128,1,0
BRDA:1218,129,0,0
BRDA:1218,129,1,0
BRDA:1218,130,0,0
BRDA:1218,130,1,0
BRDA:1220,131,0,0
BRDA:1220,131,1,0
BRDA:1222,132,0,0
BRDA:1222,132,1,0
BRDA:1224,133,0,0
BRDA:1224,133,1,0
BRDA:1224,134,0,0
BRDA:1224,134,1,0
BRDA:1232,135,0,0
BRDA:1232,135,1,0
BRDA:1234,136,0,0
BRDA:1234,136,1,0
BRDA:1236,137,0,0
BRDA:1236,137,1,0
BRDA:1238,138,0,0
BRDA:1238,138,1,0
BRDA:1246,139,0,0
BRDA:1246,139,1,0
BRDA:1248,140,0,0
BRDA:1248,140,1,0
BRDA:1250,141,0,0
BRDA:1250,141,1,0
BRDA:1252,142,0,0
BRDA:1252,142,1,0
BRF:286
BRH:1
end_of_record
TN:
SF:src/services/core/OrderService.ts
FN:83,(anonymous_7)
FN:103,(anonymous_8)
FN:117,(anonymous_10)
FN:133,(anonymous_12)
FN:141,(anonymous_14)
FN:145,(anonymous_15)
FN:153,(anonymous_16)
FN:161,(anonymous_18)
FN:165,(anonymous_19)
FN:173,(anonymous_20)
FN:181,(anonymous_22)
FN:185,(anonymous_23)
FN:193,(anonymous_24)
FN:201,(anonymous_26)
FN:205,(anonymous_27)
FN:213,(anonymous_28)
FN:220,(anonymous_29)
FN:229,(anonymous_30)
FN:241,(anonymous_31)
FN:278,(anonymous_33)
FN:287,(anonymous_34)
FN:319,(anonymous_35)
FN:351,(anonymous_36)
FN:402,(anonymous_38)
FN:426,(anonymous_40)
FN:439,(anonymous_41)
FN:470,(anonymous_42)
FN:482,(anonymous_44)
FN:499,(anonymous_45)
FN:505,(anonymous_47)
FN:517,(anonymous_48)
FN:546,(anonymous_49)
FN:552,(anonymous_51)
FN:597,(anonymous_52)
FN:628,(anonymous_53)
FN:648,(anonymous_55)
FN:672,(anonymous_56)
FN:693,(anonymous_57)
FN:712,(anonymous_59)
FN:754,(anonymous_60)
FN:774,(anonymous_62)
FN:802,(anonymous_63)
FN:811,(anonymous_64)
FN:843,(anonymous_65)
FN:875,(anonymous_66)
FN:881,(anonymous_68)
FN:893,(anonymous_69)
FN:922,(anonymous_70)
FN:928,(anonymous_72)
FN:953,(anonymous_73)
FN:984,(anonymous_74)
FN:990,(anonymous_76)
FN:996,(anonymous_77)
FN:1002,(anonymous_78)
FN:1003,(anonymous_79)
FN:1007,(anonymous_80)
FN:1008,(anonymous_81)
FN:1014,(anonymous_82)
FN:1019,(anonymous_83)
FN:1047,(anonymous_84)
FN:1053,(anonymous_86)
FN:1058,(anonymous_88)
FN:1067,(anonymous_90)
FN:1080,(anonymous_92)
FN:1094,(anonymous_94)
FN:1099,(anonymous_96)
FN:1107,(anonymous_97)
FN:1118,(anonymous_98)
FN:1143,(anonymous_100)
FN:1162,(anonymous_102)
FN:1179,(anonymous_104)
FN:1198,(anonymous_106)
FN:1202,(anonymous_108)
FN:1203,(anonymous_109)
FN:1204,(anonymous_110)
FN:1212,(anonymous_111)
FN:1215,(anonymous_113)
FN:1223,(anonymous_114)
FN:1226,(anonymous_116)
FN:1234,(anonymous_117)
FN:1251,(anonymous_119)
FN:1268,(anonymous_121)
FN:1293,(anonymous_123)
FN:1320,(anonymous_125)
FN:1365,(anonymous_127)
FN:1402,(anonymous_129)
FN:1449,(anonymous_131)
FN:1490,(anonymous_133)
FN:1543,(anonymous_134)
FN:1623,(anonymous_136)
FN:1665,(anonymous_138)
FN:1684,(anonymous_139)
FN:1694,(anonymous_140)
FN:1704,(anonymous_141)
FN:1714,(anonymous_142)
FN:1722,(anonymous_143)
FN:1725,(anonymous_145)
FN:1733,(anonymous_146)
FN:1750,(anonymous_148)
FNF:99
FNH:8
FNDA:5,(anonymous_7)
FNDA:2,(anonymous_8)
FNDA:2,(anonymous_10)
FNDA:2,(anonymous_12)
FNDA:0,(anonymous_14)
FNDA:0,(anonymous_15)
FNDA:2,(anonymous_16)
FNDA:0,(anonymous_18)
FNDA:0,(anonymous_19)
FNDA:2,(anonymous_20)
FNDA:0,(anonymous_22)
FNDA:0,(anonymous_23)
FNDA:2,(anonymous_24)
FNDA:0,(anonymous_26)
FNDA:0,(anonymous_27)
FNDA:2,(anonymous_28)
FNDA:0,(anonymous_29)
FNDA:0,(anonymous_30)
FNDA:0,(anonymous_31)
FNDA:0,(anonymous_33)
FNDA:0,(anonymous_34)
FNDA:0,(anonymous_35)
FNDA:0,(anonymous_36)
FNDA:0,(anonymous_38)
FNDA:0,(anonymous_40)
FNDA:0,(anonymous_41)
FNDA:0,(anonymous_42)
FNDA:0,(anonymous_44)
FNDA:0,(anonymous_45)
FNDA:0,(anonymous_47)
FNDA:0,(anonymous_48)
FNDA:0,(anonymous_49)
FNDA:0,(anonymous_51)
FNDA:0,(anonymous_52)
FNDA:0,(anonymous_53)
FNDA:0,(anonymous_55)
FNDA:0,(anonymous_56)
FNDA:0,(anonymous_57)
FNDA:0,(anonymous_59)
FNDA:0,(anonymous_60)
FNDA:0,(anonymous_62)
FNDA:0,(anonymous_63)
FNDA:0,(anonymous_64)
FNDA:0,(anonymous_65)
FNDA:0,(anonymous_66)
FNDA:0,(anonymous_68)
FNDA:0,(anonymous_69)
FNDA:0,(anonymous_70)
FNDA:0,(anonymous_72)
FNDA:0,(anonymous_73)
FNDA:0,(anonymous_74)
FNDA:0,(anonymous_76)
FNDA:0,(anonymous_77)
FNDA:0,(anonymous_78)
FNDA:0,(anonymous_79)
FNDA:0,(anonymous_80)
FNDA:0,(anonymous_81)
FNDA:0,(anonymous_82)
FNDA:0,(anonymous_83)
FNDA:0,(anonymous_84)
FNDA:0,(anonymous_86)
FNDA:0,(anonymous_88)
FNDA:0,(anonymous_90)
FNDA:0,(anonymous_92)
FNDA:0,(anonymous_94)
FNDA:0,(anonymous_96)
FNDA:0,(anonymous_97)
FNDA:0,(anonymous_98)
FNDA:0,(anonymous_100)
FNDA:0,(anonymous_102)
FNDA:0,(anonymous_104)
FNDA:0,(anonymous_106)
FNDA:0,(anonymous_108)
FNDA:0,(anonymous_109)
FNDA:0,(anonymous_110)
FNDA:0,(anonymous_111)
FNDA:0,(anonymous_113)
FNDA:0,(anonymous_114)
FNDA:0,(anonymous_116)
FNDA:0,(anonymous_117)
FNDA:0,(anonymous_119)
FNDA:0,(anonymous_121)
FNDA:0,(anonymous_123)
FNDA:0,(anonymous_125)
FNDA:0,(anonymous_127)
FNDA:0,(anonymous_129)
FNDA:0,(anonymous_131)
FNDA:0,(anonymous_133)
FNDA:0,(anonymous_134)
FNDA:0,(anonymous_136)
FNDA:0,(anonymous_138)
FNDA:0,(anonymous_139)
FNDA:0,(anonymous_140)
FNDA:0,(anonymous_141)
FNDA:0,(anonymous_142)
FNDA:0,(anonymous_143)
FNDA:0,(anonymous_145)
FNDA:0,(anonymous_146)
FNDA:0,(anonymous_148)
DA:6,1
DA:33,1
DA:34,1
DA:35,1
DA:36,1
DA:83,1
DA:84,5
DA:85,5
DA:88,5
DA:89,5
DA:90,5
DA:91,5
DA:92,5
DA:93,5
DA:94,5
DA:95,5
DA:98,5
DA:99,5
DA:100,5
DA:101,5
DA:104,2
DA:106,2
DA:107,2
DA:108,2
DA:109,2
DA:110,2
DA:112,0
DA:113,0
DA:118,2
DA:119,2
DA:126,2
DA:129,0
DA:134,2
DA:135,2
DA:136,2
DA:138,2
DA:139,2
DA:141,2
DA:142,0
DA:145,2
DA:146,0
DA:149,0
DA:154,2
DA:155,2
DA:156,2
DA:158,2
DA:159,2
DA:161,2
DA:162,0
DA:165,2
DA:166,0
DA:169,0
DA:174,2
DA:175,2
DA:176,2
DA:178,2
DA:179,2
DA:181,2
DA:182,0
DA:185,2
DA:186,0
DA:189,0
DA:194,2
DA:195,2
DA:196,2
DA:198,2
DA:199,2
DA:201,2
DA:202,0
DA:205,2
DA:206,0
DA:209,0
DA:215,2
DA:216,2
DA:217,2
DA:218,2
DA:220,2
DA:221,0
DA:223,0
DA:224,0
DA:226,0
DA:229,2
DA:230,0
DA:232,0
DA:233,0
DA:235,0
DA:251,0
DA:253,0
DA:254,0
DA:255,0
DA:259,0
DA:262,0
DA:263,0
DA:270,0
DA:278,0
DA:287,0
DA:301,0
DA:304,0
DA:306,0
DA:308,0
DA:311,0
DA:312,0
DA:315,0
DA:318,0
DA:319,0
DA:320,0
DA:324,0
DA:325,0
DA:326,0
DA:328,0
DA:330,0
DA:335,0
DA:336,0
DA:339,0
DA:341,0
DA:342,0
DA:344,0
DA:352,0
DA:353,0
DA:354,0
DA:355,0
DA:362,0
DA:363,0
DA:364,0
DA:371,0
DA:378,0
DA:381,0
DA:384,0
DA:385,0
DA:386,0
DA:389,0
DA:394,0
DA:395,0
DA:403,0
DA:404,0
DA:405,0
DA:406,0
DA:413,0
DA:414,0
DA:421,0
DA:423,0
DA:425,0
DA:426,0
DA:428,0
DA:429,0
DA:433,0
DA:435,0
DA:438,0
DA:439,0
DA:440,0
DA:444,0
DA:445,0
DA:446,0
DA:447,0
DA:448,0
DA:449,0
DA:453,0
DA:458,0
DA:459,0
DA:462,0
DA:463,0
DA:471,0
DA:472,0
DA:473,0
DA:474,0
DA:481,0
DA:482,0
DA:484,0
DA:486,0
DA:491,0
DA:492,0
DA:500,0
DA:501,0
DA:504,0
DA:505,0
DA:506,0
DA:507,0
DA:508,0
DA:509,0
DA:512,0
DA:517,0
DA:520,0
DA:521,0
DA:522,0
DA:523,0
DA:524,0
DA:525,0
DA:527,0
DA:538,0
DA:539,0
DA:547,0
DA:548,0
DA:551,0
DA:552,0
DA:553,0
DA:554,0
DA:555,0
DA:556,0
DA:560,0
DA:561,0
DA:564,0
DA:565,0
DA:568,0
DA:569,0
DA:572,0
DA:573,0
DA:576,0
DA:577,0
DA:580,0
DA:581,0
DA:584,0
DA:585,0
DA:588,0
DA:589,0
DA:592,0
DA:597,0
DA:600,0
DA:601,0
DA:602,0
DA:603,0
DA:604,0
DA:605,0
DA:607,0
DA:618,0
DA:619,0
DA:629,0
DA:630,0
DA:631,0
DA:632,0
DA:639,0
DA:648,0
DA:657,0
DA:659,0
DA:661,0
DA:664,0
DA:665,0
DA:668,0
DA:671,0
DA:672,0
DA:673,0
DA:676,0
DA:681,0
DA:682,0
DA:685,0
DA:686,0
DA:694,0
DA:695,0
DA:696,0
DA:697,0
DA:703,0
DA:704,0
DA:711,0
DA:712,0
DA:716,0
DA:718,0
DA:720,0
DA:725,0
DA:730,0
DA:733,0
DA:735,0
DA:740,0
DA:741,0
DA:744,0
DA:745,0
DA:764,0
DA:766,0
DA:767,0
DA:768,0
DA:771,0
DA:774,0
DA:775,0
DA:776,0
DA:778,0
DA:779,0
DA:783,0
DA:786,0
DA:787,0
DA:794,0
DA:802,0
DA:811,0
DA:825,0
DA:828,0
DA:830,0
DA:832,0
DA:835,0
DA:836,0
DA:839,0
DA:842,0
DA:843,0
DA:844,0
DA:848,0
DA:849,0
DA:850,0
DA:852,0
DA:854,0
DA:859,0
DA:860,0
DA:863,0
DA:865,0
DA:866,0
DA:868,0
DA:876,0
DA:877,0
DA:880,0
DA:881,0
DA:882,0
DA:883,0
DA:884,0
DA:885,0
DA:888,0
DA:893,0
DA:896,0
DA:897,0
DA:898,0
DA:899,0
DA:900,0
DA:901,0
DA:903,0
DA:914,0
DA:915,0
DA:923,0
DA:924,0
DA:927,0
DA:928,0
DA:929,0
DA:930,0
DA:931,0
DA:932,0
DA:936,0
DA:937,0
DA:940,0
DA:941,0
DA:944,0
DA:945,0
DA:948,0
DA:953,0
DA:956,0
DA:957,0
DA:958,0
DA:959,0
DA:960,0
DA:961,0
DA:963,0
DA:974,0
DA:975,0
DA:985,0
DA:986,0
DA:990,0
DA:996,0
DA:1002,0
DA:1003,0
DA:1007,0
DA:1008,0
DA:1013,0
DA:1014,0
DA:1018,0
DA:1019,0
DA:1023,0
DA:1024,0
DA:1027,0
DA:1028,0
DA:1031,0
DA:1036,0
DA:1037,0
DA:1049,0
DA:1054,0
DA:1059,0
DA:1060,0
DA:1061,0
DA:1062,0
DA:1064,0
DA:1069,0
DA:1070,0
DA:1073,0
DA:1075,0
DA:1077,0
DA:1082,0
DA:1083,0
DA:1086,0
DA:1088,0
DA:1090,0
DA:1095,0
DA:1097,0
DA:1098,0
DA:1099,0
DA:1101,0
DA:1105,0
DA:1106,0
DA:1107,0
DA:1109,0
DA:1112,0
DA:1114,0
DA:1119,0
DA:1121,0
DA:1129,0
DA:1130,0
DA:1131,0
DA:1132,0
DA:1134,0
DA:1137,0
DA:1139,0
DA:1144,0
DA:1145,0
DA:1146,0
DA:1147,0
DA:1150,0
DA:1151,0
DA:1152,0
DA:1155,0
DA:1157,0
DA:1163,0
DA:1164,0
DA:1165,0
DA:1168,0
DA:1170,0
DA:1173,0
DA:1175,0
DA:1180,0
DA:1181,0
DA:1183,0
DA:1186,0
DA:1188,0
DA:1191,0
DA:1193,0
DA:1199,0
DA:1200,0
DA:1202,0
DA:1203,0
DA:1204,0
DA:1206,0
DA:1208,0
DA:1213,0
DA:1214,0
DA:1215,0
DA:1217,0
DA:1219,0
DA:1224,0
DA:1225,0
DA:1226,0
DA:1228,0
DA:1230,0
DA:1235,0
DA:1236,0
DA:1244,0
DA:1245,0
DA:1247,0
DA:1252,0
DA:1253,0
DA:1254,0
DA:1255,0
DA:1257,0
DA:1259,0
DA:1269,0
DA:1271,0
DA:1279,0
DA:1280,0
DA:1282,0
DA:1283,0
DA:1294,0
DA:1296,0
DA:1304,0
DA:1305,0
DA:1307,0
DA:1308,0
DA:1325,0
DA:1326,0
DA:1327,0
DA:1328,0
DA:1335,0
DA:1336,0
DA:1339,0
DA:1346,0
DA:1347,0
DA:1349,0
DA:1351,0
DA:1352,0
DA:1353,0
DA:1355,0
DA:1370,0
DA:1371,0
DA:1372,0
DA:1373,0
DA:1379,0
DA:1386,0
DA:1387,0
DA:1389,0
DA:1391,0
DA:1392,0
DA:1407,0
DA:1408,0
DA:1409,0
DA:1410,0
DA:1417,0
DA:1418,0
DA:1419,0
DA:1422,0
DA:1430,0
DA:1431,0
DA:1433,0
DA:1435,0
DA:1436,0
DA:1437,0
DA:1439,0
DA:1459,0
DA:1460,0
DA:1461,0
DA:1462,0
DA:1466,0
DA:1467,0
DA:1468,0
DA:1469,0
DA:1472,0
DA:1473,0
DA:1474,0
DA:1479,0
DA:1481,0
DA:1483,0
DA:1490,0
DA:1496,0
DA:1499,0
DA:1500,0
DA:1512,0
DA:1513,0
DA:1517,0
DA:1518,0
DA:1520,0
DA:1522,0
DA:1523,0
DA:1525,0
DA:1526,0
DA:1529,0
DA:1530,0
DA:1531,0
DA:1533,0
DA:1552,0
DA:1553,0
DA:1554,0
DA:1555,0
DA:1559,0
DA:1561,0
DA:1563,0
DA:1576,0
DA:1579,0
DA:1580,0
DA:1593,0
DA:1597,0
DA:1598,0
DA:1600,0
DA:1602,0
DA:1603,0
DA:1605,0
DA:1606,0
DA:1609,0
DA:1610,0
DA:1611,0
DA:1613,0
DA:1624,0
DA:1625,0
DA:1626,0
DA:1627,0
DA:1633,0
DA:1635,0
DA:1636,0
DA:1642,0
DA:1643,0
DA:1645,0
DA:1646,0
DA:1648,0
DA:1649,0
DA:1652,0
DA:1653,0
DA:1667,0
DA:1668,0
DA:1670,0
DA:1678,0
DA:1685,0
DA:1686,0
DA:1687,0
DA:1688,0
DA:1695,0
DA:1696,0
DA:1697,0
DA:1698,0
DA:1705,0
DA:1706,0
DA:1707,0
DA:1708,0
DA:1715,0
DA:1716,0
DA:1717,0
DA:1718,0
DA:1723,0
DA:1724,0
DA:1725,0
DA:1727,0
DA:1729,0
DA:1734,0
DA:1735,0
DA:1743,0
DA:1744,0
DA:1746,0
DA:1751,0
DA:1752,0
DA:1753,0
DA:1754,0
DA:1756,0
DA:1758,0
LF:607
LH:63
BRDA:104,0,0,0
BRDA:104,0,1,2
BRDA:135,1,0,2
BRDA:135,1,1,2
BRDA:135,2,0,2
BRDA:135,2,1,0
BRDA:135,3,0,2
BRDA:135,3,1,2
BRDA:136,4,0,2
BRDA:136,4,1,2
BRDA:136,5,0,2
BRDA:136,5,1,0
BRDA:136,6,0,2
BRDA:136,6,1,2
BRDA:155,7,0,2
BRDA:155,7,1,2
BRDA:155,8,0,2
BRDA:155,8,1,0
BRDA:155,9,0,2
BRDA:155,9,1,2
BRDA:156,10,0,2
BRDA:156,10,1,2
BRDA:156,11,0,2
BRDA:156,11,1,0
BRDA:156,12,0,2
BRDA:156,12,1,2
BRDA:175,13,0,2
BRDA:175,13,1,2
BRDA:175,14,0,2
BRDA:175,14,1,0
BRDA:175,15,0,2
BRDA:175,15,1,2
BRDA:176,16,0,2
BRDA:176,16,1,2
BRDA:176,17,0,2
BRDA:176,17,1,0
BRDA:176,18,0,2
BRDA:176,18,1,2
BRDA:195,19,0,2
BRDA:195,19,1,2
BRDA:195,20,0,2
BRDA:195,20,1,0
BRDA:195,21,0,2
BRDA:195,21,1,2
BRDA:196,22,0,2
BRDA:196,22,1,2
BRDA:196,23,0,2
BRDA:196,23,1,0
BRDA:196,24,0,2
BRDA:196,24,1,2
BRDA:223,25,0,0
BRDA:223,25,1,0
BRDA:232,26,0,0
BRDA:232,26,1,0
BRDA:253,27,0,0
BRDA:253,27,1,0
BRDA:253,28,0,0
BRDA:253,28,1,0
BRDA:254,29,0,0
BRDA:254,29,1,0
BRDA:254,30,0,0
BRDA:254,30,1,0
BRDA:262,31,0,0
BRDA:262,31,1,0
BRDA:325,32,0,0
BRDA:325,32,1,0
BRDA:341,33,0,0
BRDA:341,33,1,0
BRDA:341,34,0,0
BRDA:341,34,1,0
BRDA:346,35,0,0
BRDA:346,35,1,0
BRDA:354,36,0,0
BRDA:354,36,1,0
BRDA:362,37,0,0
BRDA:362,37,1,0
BRDA:362,38,0,0
BRDA:362,38,1,0
BRDA:363,39,0,0
BRDA:363,39,1,0
BRDA:384,40,0,0
BRDA:384,40,1,0
BRDA:397,41,0,0
BRDA:397,41,1,0
BRDA:405,42,0,0
BRDA:405,42,1,0
BRDA:413,43,0,0
BRDA:413,43,1,0
BRDA:446,44,0,0
BRDA:446,44,1,0
BRDA:448,45,0,0
BRDA:448,45,1,0
BRDA:465,46,0,0
BRDA:465,46,1,0
BRDA:473,47,0,0
BRDA:473,47,1,0
BRDA:494,48,0,0
BRDA:494,48,1,0
BRDA:504,49,0,0
BRDA:504,49,1,0
BRDA:506,50,0,0
BRDA:506,50,1,0
BRDA:508,51,0,0
BRDA:508,51,1,0
BRDA:520,52,0,0
BRDA:520,52,1,0
BRDA:520,53,0,0
BRDA:520,53,1,0
BRDA:520,54,0,0
BRDA:520,54,1,0
BRDA:521,55,0,0
BRDA:521,55,1,0
BRDA:521,56,0,0
BRDA:521,56,1,0
BRDA:521,57,0,0
BRDA:521,57,1,0
BRDA:541,58,0,0
BRDA:541,58,1,0
BRDA:551,59,0,0
BRDA:551,59,1,0
BRDA:553,60,0,0
BRDA:553,60,1,0
BRDA:555,61,0,0
BRDA:555,61,1,0
BRDA:560,62,0,0
BRDA:560,62,1,0
BRDA:560,63,0,0
BRDA:560,63,1,0
BRDA:564,64,0,0
BRDA:564,64,1,0
BRDA:564,65,0,0
BRDA:564,65,1,0
BRDA:568,66,0,0
BRDA:568,66,1,0
BRDA:568,67,0,0
BRDA:568,67,1,0
BRDA:572,68,0,0
BRDA:572,68,1,0
BRDA:572,69,0,0
BRDA:572,69,1,0
BRDA:576,70,0,0
BRDA:576,70,1,0
BRDA:576,71,0,0
BRDA:576,71,1,0
BRDA:580,72,0,0
BRDA:580,72,1,0
BRDA:580,73,0,0
BRDA:580,73,1,0
BRDA:584,74,0,0
BRDA:584,74,1,0
BRDA:584,75,0,0
BRDA:584,75,1,0
BRDA:588,76,0,0
BRDA:588,76,1,0
BRDA:588,77,0,0
BRDA:588,77,1,0
BRDA:600,78,0,0
BRDA:600,78,1,0
BRDA:600,79,0,0
BRDA:600,79,1,0
BRDA:600,80,0,0
BRDA:600,80,1,0
BRDA:601,81,0,0
BRDA:601,81,1,0
BRDA:601,82,0,0
BRDA:601,82,1,0
BRDA:601,83,0,0
BRDA:601,83,1,0
BRDA:621,84,0,0
BRDA:621,84,1,0
BRDA:631,85,0,0
BRDA:631,85,1,0
BRDA:688,86,0,0
BRDA:688,86,1,0
BRDA:696,87,0,0
BRDA:696,87,1,0
BRDA:703,88,0,0
BRDA:703,88,1,0
BRDA:747,89,0,0
BRDA:747,89,1,0
BRDA:766,90,0,0
BRDA:766,90,1,0
BRDA:766,91,0,0
BRDA:766,91,1,0
BRDA:767,92,0,0
BRDA:767,92,1,0
BRDA:767,93,0,0
BRDA:767,93,1,0
BRDA:775,94,0,0
BRDA:775,94,1,0
BRDA:775,95,0,0
BRDA:775,95,1,0
BRDA:776,96,0,0
BRDA:776,96,1,0
BRDA:776,97,0,0
BRDA:776,97,1,0
BRDA:776,98,0,0
BRDA:776,98,1,0
BRDA:776,99,0,0
BRDA:776,99,1,0
BRDA:776,100,0,0
BRDA:776,100,1,0
BRDA:776,101,0,0
BRDA:776,101,1,0
BRDA:776,102,0,0
BRDA:776,102,1,0
BRDA:778,103,0,0
BRDA:778,103,1,0
BRDA:778,104,0,0
BRDA:778,104,1,0
BRDA:786,105,0,0
BRDA:786,105,1,0
BRDA:849,106,0,0
BRDA:849,106,1,0
BRDA:865,107,0,0
BRDA:865,107,1,0
BRDA:865,108,0,0
BRDA:865,108,1,0
BRDA:870,109,0,0
BRDA:870,109,1,0
BRDA:880,110,0,0
BRDA:880,110,1,0
BRDA:882,111,0,0
BRDA:882,111,1,0
BRDA:884,112,0,0
BRDA:884,112,1,0
BRDA:896,113,0,0
BRDA:896,113,1,0
BRDA:896,114,0,0
BRDA:896,114,1,0
BRDA:896,115,0,0
BRDA:896,115,1,0
BRDA:897,116,0,0
BRDA:897,116,1,0
BRDA:897,117,0,0
BRDA:897,117,1,0
BRDA:897,118,0,0
BRDA:897,118,1,0
BRDA:917,119,0,0
BRDA:917,119,1,0
BRDA:927,120,0,0
BRDA:927,120,1,0
BRDA:929,121,0,0
BRDA:929,121,1,0
BRDA:931,122,0,0
BRDA:931,122,1,0
BRDA:936,123,0,0
BRDA:936,123,1,0
BRDA:936,124,0,0
BRDA:936,124,1,0
BRDA:940,125,0,0
BRDA:940,125,1,0
BRDA:940,126,0,0
BRDA:940,126,1,0
BRDA:944,127,0,0
BRDA:944,127,1,0
BRDA:944,128,0,0
BRDA:944,128,1,0
BRDA:956,129,0,0
BRDA:956,129,1,0
BRDA:956,130,0,0
BRDA:956,130,1,0
BRDA:956,131,0,0
BRDA:956,131,1,0
BRDA:957,132,0,0
BRDA:957,132,1,0
BRDA:957,133,0,0
BRDA:957,133,1,0
BRDA:957,134,0,0
BRDA:957,134,1,0
BRDA:977,135,0,0
BRDA:977,135,1,0
BRDA:1023,136,0,0
BRDA:1023,136,1,0
BRDA:1027,137,0,0
BRDA:1027,137,1,0
BRDA:1039,138,0,0
BRDA:1039,138,1,0
BRDA:1059,139,0,0
BRDA:1059,139,1,0
BRDA:1060,140,0,0
BRDA:1060,140,1,0
BRDA:1061,141,0,0
BRDA:1061,141,1,0
BRDA:1062,142,0,0
BRDA:1062,142,1,0
BRDA:1069,143,0,0
BRDA:1069,143,1,0
BRDA:1073,144,0,0
BRDA:1073,144,1,0
BRDA:1082,145,0,0
BRDA:1082,145,1,0
BRDA:1086,146,0,0
BRDA:1086,146,1,0
BRDA:1097,147,0,0
BRDA:1097,147,1,0
BRDA:1105,148,0,0
BRDA:1105,148,1,0
BRDA:1114,149,0,0
BRDA:1114,149,1,0
BRDA:1129,150,0,0
BRDA:1129,150,1,0
BRDA:1131,151,0,0
BRDA:1131,151,1,0
BRDA:1139,152,0,0
BRDA:1139,152,1,0
BRDA:1145,153,0,0
BRDA:1145,153,1,0
BRDA:1150,154,0,0
BRDA:1150,154,1,0
BRDA:1157,155,0,0
BRDA:1157,155,1,0
BRDA:1164,156,0,0
BRDA:1164,156,1,0
BRDA:1168,157,0,0
BRDA:1168,157,1,0
BRDA:1175,158,0,0
BRDA:1175,158,1,0
BRDA:1181,159,0,0
BRDA:1181,159,1,0
BRDA:1186,160,0,0
BRDA:1186,160,1,0
BRDA:1193,161,0,0
BRDA:1193,161,1,0
BRDA:1208,162,0,0
BRDA:1208,162,1,0
BRDA:1215,163,0,0
BRDA:1215,163,1,0
BRDA:1219,164,0,0
BRDA:1219,164,1,0
BRDA:1230,165,0,0
BRDA:1230,165,1,0
BRDA:1247,166,0,0
BRDA:1247,166,1,0
BRDA:1253,167,0,0
BRDA:1253,167,1,0
BRDA:1259,168,0,0
BRDA:1259,168,1,0
BRDA:1285,169,0,0
BRDA:1285,169,1,0
BRDA:1310,170,0,0
BRDA:1310,170,1,0
BRDA:1327,171,0,0
BRDA:1327,171,1,0
BRDA:1335,172,0,0
BRDA:1335,172,1,0
BRDA:1352,173,0,0
BRDA:1352,173,1,0
BRDA:1357,174,0,0
BRDA:1357,174,1,0
BRDA:1372,175,0,0
BRDA:1372,175,1,0
BRDA:1394,176,0,0
BRDA:1394,176,1,0
BRDA:1409,177,0,0
BRDA:1409,177,1,0
BRDA:1418,178,0,0
BRDA:1418,178,1,0
BRDA:1418,179,0,0
BRDA:1418,179,1,0
BRDA:1436,180,0,0
BRDA:1436,180,1,0
BRDA:1441,181,0,0
BRDA:1441,181,1,0
BRDA:1461,182,0,0
BRDA:1461,182,1,0
BRDA:1468,183,0,0
BRDA:1468,183,1,0
BRDA:1473,184,0,0
BRDA:1473,184,1,0
BRDA:1530,185,0,0
BRDA:1530,185,1,0
BRDA:1530,186,0,0
BRDA:1530,186,1,0
BRDA:1535,187,0,0
BRDA:1535,187,1,0
BRDA:1554,188,0,0
BRDA:1554,188,1,0
BRDA:1610,189,0,0
BRDA:1610,189,1,0
BRDA:1610,190,0,0
BRDA:1610,190,1,0
BRDA:1615,191,0,0
BRDA:1615,191,1,0
BRDA:1626,192,0,0
BRDA:1626,192,1,0
BRDA:1638,193,0,0
BRDA:1638,193,1,0
BRDA:1655,194,0,0
BRDA:1655,194,1,0
BRDA:1678,195,0,0
BRDA:1678,195,1,0
BRDA:1678,196,0,0
BRDA:1678,196,1,0
BRDA:1678,197,0,0
BRDA:1678,197,1,0
BRDA:1729,198,0,0
BRDA:1729,198,1,0
BRDA:1746,199,0,0
BRDA:1746,199,1,0
BRDA:1752,200,0,0
BRDA:1752,200,1,0
BRDA:1758,201,0,0
BRDA:1758,201,1,0
BRF:404
BRH:41
end_of_record
TN:
SF:src/services/core/ReportService.ts
FN:151,(anonymous_7)
FN:156,(anonymous_8)
FN:176,(anonymous_10)
FN:249,(anonymous_12)
FN:288,(anonymous_14)
FN:299,(anonymous_16)
FN:306,(anonymous_17)
FN:314,(anonymous_18)
FN:344,(anonymous_19)
FN:348,(anonymous_21)
FN:379,(anonymous_22)
FN:438,(anonymous_23)
FN:450,(anonymous_25)
FN:455,(anonymous_26)
FN:459,(anonymous_27)
FN:467,(anonymous_28)
FN:471,(anonymous_29)
FN:474,(anonymous_30)
FN:478,(anonymous_31)
FN:512,(anonymous_32)
FN:554,(anonymous_34)
FN:575,(anonymous_36)
FN:588,(anonymous_38)
FN:607,(anonymous_40)
FN:626,(anonymous_42)
FN:633,(anonymous_44)
FN:667,(anonymous_46)
FN:679,(anonymous_48)
FN:691,(anonymous_50)
FN:717,(anonymous_52)
FN:754,(anonymous_54)
FNF:31
FNH:0
FNDA:0,(anonymous_7)
FNDA:0,(anonymous_8)
FNDA:0,(anonymous_10)
FNDA:0,(anonymous_12)
FNDA:0,(anonymous_14)
FNDA:0,(anonymous_16)
FNDA:0,(anonymous_17)
FNDA:0,(anonymous_18)
FNDA:0,(anonymous_19)
FNDA:0,(anonymous_21)
FNDA:0,(anonymous_22)
FNDA:0,(anonymous_23)
FNDA:0,(anonymous_25)
FNDA:0,(anonymous_26)
FNDA:0,(anonymous_27)
FNDA:0,(anonymous_28)
FNDA:0,(anonymous_29)
FNDA:0,(anonymous_30)
FNDA:0,(anonymous_31)
FNDA:0,(anonymous_32)
FNDA:0,(anonymous_34)
FNDA:0,(anonymous_36)
FNDA:0,(anonymous_38)
FNDA:0,(anonymous_40)
FNDA:0,(anonymous_42)
FNDA:0,(anonymous_44)
FNDA:0,(anonymous_46)
FNDA:0,(anonymous_48)
FNDA:0,(anonymous_50)
FNDA:0,(anonymous_52)
FNDA:0,(anonymous_54)
DA:6,0
DA:8,0
DA:147,0
DA:148,0
DA:149,0
DA:157,0
DA:158,0
DA:161,0
DA:162,0
DA:163,0
DA:164,0
DA:166,0
DA:167,0
DA:177,0
DA:178,0
DA:182,0
DA:184,0
DA:185,0
DA:188,0
DA:189,0
DA:190,0
DA:191,0
DA:192,0
DA:194,0
DA:195,0
DA:196,0
DA:198,0
DA:199,0
DA:200,0
DA:201,0
DA:203,0
DA:219,0
DA:220,0
DA:221,0
DA:225,0
DA:238,0
DA:240,0
DA:250,0
DA:251,0
DA:252,0
DA:254,0
DA:255,0
DA:258,0
DA:259,0
DA:260,0
DA:262,0
DA:263,0
DA:266,0
DA:267,0
DA:268,0
DA:271,0
DA:281,0
DA:289,0
DA:290,0
DA:292,0
DA:293,0
DA:296,0
DA:297,0
DA:299,0
DA:303,0
DA:304,0
DA:306,0
DA:310,0
DA:311,0
DA:312,0
DA:314,0
DA:315,0
DA:316,0
DA:317,0
DA:318,0
DA:323,0
DA:324,0
DA:326,0
DA:345,0
DA:347,0
DA:348,0
DA:349,0
DA:353,0
DA:354,0
DA:355,0
DA:357,0
DA:358,0
DA:359,0
DA:362,0
DA:364,0
DA:365,0
DA:366,0
DA:368,0
DA:369,0
DA:378,0
DA:379,0
DA:381,0
DA:382,0
DA:392,0
DA:395,0
DA:396,0
DA:397,0
DA:398,0
DA:399,0
DA:400,0
DA:401,0
DA:405,0
DA:406,0
DA:409,0
DA:410,0
DA:411,0
DA:415,0
DA:429,0
DA:439,0
DA:441,0
DA:450,0
DA:451,0
DA:455,0
DA:456,0
DA:459,0
DA:460,0
DA:464,0
DA:465,0
DA:466,0
DA:468,0
DA:471,0
DA:473,0
DA:475,0
DA:478,0
DA:481,0
DA:485,0
DA:488,0
DA:501,0
DA:503,0
DA:513,0
DA:516,0
DA:518,0
DA:519,0
DA:520,0
DA:523,0
DA:524,0
DA:526,0
DA:531,0
DA:532,0
DA:535,0
DA:536,0
DA:537,0
DA:540,0
DA:543,0
DA:545,0
DA:555,0
DA:557,0
DA:566,0
DA:568,0
DA:576,0
DA:578,0
DA:579,0
DA:581,0
DA:589,0
DA:591,0
DA:598,0
DA:600,0
DA:608,0
DA:610,0
DA:617,0
DA:619,0
DA:627,0
DA:634,0
DA:635,0
DA:636,0
DA:637,0
DA:641,0
DA:642,0
DA:643,0
DA:644,0
DA:645,0
DA:647,0
DA:649,0
DA:660,0
DA:668,0
DA:670,0
DA:672,0
DA:680,0
DA:682,0
DA:684,0
DA:692,0
DA:693,0
DA:694,0
DA:695,0
DA:699,0
DA:706,0
DA:708,0
DA:718,0
DA:720,0
DA:721,0
DA:723,0
DA:735,0
DA:736,0
DA:737,0
DA:739,0
DA:740,0
DA:741,0
DA:745,0
DA:747,0
DA:755,0
DA:757,0
DA:771,0
DA:773,0
LF:203
LH:0
BRDA:157,0,0,0
BRDA:157,0,1,0
BRDA:178,1,0,0
BRDA:178,1,1,0
BRDA:185,2,0,0
BRDA:185,2,1,0
BRDA:198,3,0,0
BRDA:198,3,1,0
BRDA:201,4,0,0
BRDA:201,4,1,0
BRDA:201,4,2,0
BRDA:206,5,0,0
BRDA:206,5,1,0
BRDA:210,6,0,0
BRDA:210,6,1,0
BRDA:211,7,0,0
BRDA:211,7,1,0
BRDA:211,7,2,0
BRDA:216,8,0,0
BRDA:216,8,1,0
BRDA:216,9,0,0
BRDA:216,9,1,0
BRDA:216,10,0,0
BRDA:216,10,1,0
BRDA:220,11,0,0
BRDA:220,11,1,0
BRDA:221,12,0,0
BRDA:221,12,1,0
BRDA:228,13,0,0
BRDA:228,13,1,0
BRDA:229,14,0,0
BRDA:229,14,1,0
BRDA:240,15,0,0
BRDA:240,15,1,0
BRDA:281,16,0,0
BRDA:281,16,1,0
BRDA:299,17,0,0
BRDA:299,17,1,0
BRDA:306,18,0,0
BRDA:306,18,1,0
BRDA:315,19,0,0
BRDA:315,19,1,0
BRDA:317,20,0,0
BRDA:317,20,1,0
BRDA:359,21,0,0
BRDA:359,21,1,0
BRDA:362,22,0,0
BRDA:362,22,1,0
BRDA:362,23,0,0
BRDA:362,23,1,0
BRDA:365,24,0,0
BRDA:365,24,1,0
BRDA:365,25,0,0
BRDA:365,25,1,0
BRDA:365,26,0,0
BRDA:365,26,1,0
BRDA:366,27,0,0
BRDA:366,27,1,0
BRDA:368,28,0,0
BRDA:368,28,1,0
BRDA:381,29,0,0
BRDA:381,29,1,0
BRDA:385,30,0,0
BRDA:385,30,1,0
BRDA:388,31,0,0
BRDA:388,31,1,0
BRDA:390,32,0,0
BRDA:390,32,1,0
BRDA:395,33,0,0
BRDA:395,33,1,0
BRDA:395,33,2,0
BRDA:406,34,0,0
BRDA:406,34,1,0
BRDA:411,35,0,0
BRDA:411,35,1,0
BRDA:429,36,0,0
BRDA:429,36,1,0
BRDA:451,37,0,0
BRDA:451,37,1,0
BRDA:468,38,0,0
BRDA:468,38,1,0
BRDA:471,39,0,0
BRDA:471,39,1,0
BRDA:475,40,0,0
BRDA:475,40,1,0
BRDA:478,41,0,0
BRDA:478,41,1,0
BRDA:481,42,0,0
BRDA:481,42,1,0
BRDA:485,43,0,0
BRDA:485,43,1,0
BRDA:503,44,0,0
BRDA:503,44,1,0
BRDA:516,45,0,0
BRDA:516,45,1,0
BRDA:516,45,2,0
BRDA:516,45,3,0
BRDA:518,46,0,0
BRDA:518,46,1,0
BRDA:518,47,0,0
BRDA:518,47,1,0
BRDA:523,48,0,0
BRDA:523,48,1,0
BRDA:523,49,0,0
BRDA:523,49,1,0
BRDA:523,50,0,0
BRDA:523,50,1,0
BRDA:545,51,0,0
BRDA:545,51,1,0
BRDA:568,52,0,0
BRDA:568,52,1,0
BRDA:581,53,0,0
BRDA:581,53,1,0
BRDA:600,54,0,0
BRDA:600,54,1,0
BRDA:619,55,0,0
BRDA:619,55,1,0
BRDA:636,56,0,0
BRDA:636,56,1,0
BRDA:641,57,0,0
BRDA:641,57,1,0
BRDA:642,58,0,0
BRDA:642,58,1,0
BRDA:642,59,0,0
BRDA:642,59,1,0
BRDA:642,60,0,0
BRDA:642,60,1,0
BRDA:643,61,0,0
BRDA:643,61,1,0
BRDA:643,62,0,0
BRDA:643,62,1,0
BRDA:643,63,0,0
BRDA:643,63,1,0
BRDA:660,64,0,0
BRDA:660,64,1,0
BRDA:672,65,0,0
BRDA:672,65,1,0
BRDA:684,66,0,0
BRDA:684,66,1,0
BRDA:694,67,0,0
BRDA:694,67,1,0
BRDA:703,68,0,0
BRDA:703,68,1,0
BRDA:703,69,0,0
BRDA:703,69,1,0
BRDA:703,70,0,0
BRDA:703,70,1,0
BRDA:708,71,0,0
BRDA:708,71,1,0
BRDA:740,72,0,0
BRDA:740,72,1,0
BRDA:740,73,0,0
BRDA:740,73,1,0
BRDA:747,74,0,0
BRDA:747,74,1,0
BRDA:773,75,0,0
BRDA:773,75,1,0
BRF:157
BRH:0
end_of_record
TN:
SF:src/services/core/ServiceManager.ts
FN:22,(anonymous_7)
FN:24,(anonymous_8)
FN:34,(anonymous_9)
FN:76,(anonymous_11)
FN:92,(anonymous_12)
FN:99,(anonymous_13)
FN:106,(anonymous_14)
FN:113,(anonymous_15)
FN:120,(anonymous_16)
FN:127,(anonymous_17)
FN:134,(anonymous_18)
FNF:11
FNH:0
FNDA:0,(anonymous_7)
FNDA:0,(anonymous_8)
FNDA:0,(anonymous_9)
FNDA:0,(anonymous_11)
FNDA:0,(anonymous_12)
FNDA:0,(anonymous_13)
FNDA:0,(anonymous_14)
FNDA:0,(anonymous_15)
FNDA:0,(anonymous_16)
FNDA:0,(anonymous_17)
FNDA:0,(anonymous_18)
DA:6,0
DA:7,0
DA:8,0
DA:9,0
DA:10,0
DA:11,0
DA:17,0
DA:18,0
DA:19,0
DA:20,0
DA:25,0
DA:26,0
DA:28,0
DA:35,0
DA:36,0
DA:39,0
DA:41,0
DA:44,0
DA:45,0
DA:46,0
DA:47,0
DA:48,0
DA:51,0
DA:52,0
DA:53,0
DA:54,0
DA:55,0
DA:58,0
DA:66,0
DA:68,0
DA:69,0
DA:77,0
DA:78,0
DA:81,0
DA:82,0
DA:83,0
DA:86,0
DA:93,0
DA:100,0
DA:107,0
DA:114,0
DA:121,0
DA:128,0
DA:135,0
DA:136,0
DA:139,0
DA:141,0
DA:144,0
DA:145,0
DA:147,0
DA:148,0
DA:154,0
LF:52
LH:0
BRDA:25,0,0,0
BRDA:25,0,1,0
BRDA:35,1,0,0
BRDA:35,1,1,0
BRDA:77,2,0,0
BRDA:77,2,1,0
BRDA:82,3,0,0
BRDA:82,3,1,0
BRDA:135,4,0,0
BRDA:135,4,1,0
BRF:10
BRH:0
end_of_record
TN:
SF:src/services/core/SystemService.ts
FN:64,(anonymous_8)
FN:97,(anonymous_9)
FN:116,(anonymous_11)
FN:124,(anonymous_13)
FN:137,(anonymous_14)
FN:149,(anonymous_15)
FN:164,(anonymous_16)
FN:166,(anonymous_18)
FN:175,(anonymous_19)
FN:204,(anonymous_21)
FN:247,(anonymous_23)
FN:282,(anonymous_25)
FN:293,(anonymous_26)
FN:300,(anonymous_27)
FN:302,(anonymous_29)
FN:309,(anonymous_30)
FN:344,(anonymous_31)
FN:358,(anonymous_32)
FN:367,(anonymous_33)
FN:398,(anonymous_35)
FN:404,(anonymous_37)
FN:440,(anonymous_38)
FN:471,(anonymous_40)
FN:477,(anonymous_42)
FN:512,(anonymous_43)
FN:520,(anonymous_45)
FN:522,(anonymous_46)
FN:524,(anonymous_47)
FN:532,(anonymous_48)
FN:537,(anonymous_49)
FN:542,(anonymous_50)
FN:554,(anonymous_51)
FN:560,(anonymous_53)
FN:565,(anonymous_55)
FN:566,(anonymous_56)
FN:572,(anonymous_57)
FN:582,(anonymous_58)
FN:585,(anonymous_60)
FN:598,(anonymous_61)
FN:609,(anonymous_63)
FN:620,(anonymous_65)
FN:632,(anonymous_67)
FN:641,(anonymous_69)
FN:654,(anonymous_71)
FN:667,(anonymous_73)
FN:677,(anonymous_75)
FN:687,(anonymous_77)
FN:710,(anonymous_79)
FN:739,(anonymous_81)
FN:761,(anonymous_83)
FN:792,(anonymous_85)
FN:817,(anonymous_87)
FN:848,(anonymous_89)
FN:873,(anonymous_91)
FN:904,(anonymous_93)
FN:931,(anonymous_95)
FN:933,(anonymous_97)
FN:968,(anonymous_98)
FN:991,(anonymous_100)
FNF:59
FNH:0
FNDA:0,(anonymous_8)
FNDA:0,(anonymous_9)
FNDA:0,(anonymous_11)
FNDA:0,(anonymous_13)
FNDA:0,(anonymous_14)
FNDA:0,(anonymous_15)
FNDA:0,(anonymous_16)
FNDA:0,(anonymous_18)
FNDA:0,(anonymous_19)
FNDA:0,(anonymous_21)
FNDA:0,(anonymous_23)
FNDA:0,(anonymous_25)
FNDA:0,(anonymous_26)
FNDA:0,(anonymous_27)
FNDA:0,(anonymous_29)
FNDA:0,(anonymous_30)
FNDA:0,(anonymous_31)
FNDA:0,(anonymous_32)
FNDA:0,(anonymous_33)
FNDA:0,(anonymous_35)
FNDA:0,(anonymous_37)
FNDA:0,(anonymous_38)
FNDA:0,(anonymous_40)
FNDA:0,(anonymous_42)
FNDA:0,(anonymous_43)
FNDA:0,(anonymous_45)
FNDA:0,(anonymous_46)
FNDA:0,(anonymous_47)
FNDA:0,(anonymous_48)
FNDA:0,(anonymous_49)
FNDA:0,(anonymous_50)
FNDA:0,(anonymous_51)
FNDA:0,(anonymous_53)
FNDA:0,(anonymous_55)
FNDA:0,(anonymous_56)
FNDA:0,(anonymous_57)
FNDA:0,(anonymous_58)
FNDA:0,(anonymous_60)
FNDA:0,(anonymous_61)
FNDA:0,(anonymous_63)
FNDA:0,(anonymous_65)
FNDA:0,(anonymous_67)
FNDA:0,(anonymous_69)
FNDA:0,(anonymous_71)
FNDA:0,(anonymous_73)
FNDA:0,(anonymous_75)
FNDA:0,(anonymous_77)
FNDA:0,(anonymous_79)
FNDA:0,(anonymous_81)
FNDA:0,(anonymous_83)
FNDA:0,(anonymous_85)
FNDA:0,(anonymous_87)
FNDA:0,(anonymous_89)
FNDA:0,(anonymous_91)
FNDA:0,(anonymous_93)
FNDA:0,(anonymous_95)
FNDA:0,(anonymous_97)
FNDA:0,(anonymous_98)
FNDA:0,(anonymous_100)
DA:6,0
DA:20,0
DA:21,0
DA:22,0
DA:64,0
DA:66,0
DA:67,0
DA:70,0
DA:71,0
DA:72,0
DA:73,0
DA:76,0
DA:77,0
DA:78,0
DA:79,0
DA:82,0
DA:98,0
DA:99,0
DA:102,0
DA:103,0
DA:104,0
DA:105,0
DA:106,0
DA:108,0
DA:109,0
DA:117,0
DA:119,0
DA:120,0
DA:121,0
DA:122,0
DA:124,0
DA:125,0
DA:126,0
DA:127,0
DA:128,0
DA:133,0
DA:134,0
DA:135,0
DA:137,0
DA:138,0
DA:139,0
DA:140,0
DA:145,0
DA:146,0
DA:147,0
DA:149,0
DA:150,0
DA:151,0
DA:152,0
DA:157,0
DA:166,0
DA:167,0
DA:168,0
DA:176,0
DA:177,0
DA:178,0
DA:190,0
DA:191,0
DA:192,0
DA:193,0
DA:195,0
DA:205,0
DA:207,0
DA:208,0
DA:212,0
DA:213,0
DA:217,0
DA:219,0
DA:227,0
DA:230,0
DA:231,0
DA:232,0
DA:233,0
DA:237,0
DA:238,0
DA:240,0
DA:248,0
DA:249,0
DA:250,0
DA:251,0
DA:254,0
DA:255,0
DA:256,0
DA:259,0
DA:260,0
DA:263,0
DA:264,0
DA:265,0
DA:269,0
DA:272,0
DA:273,0
DA:275,0
DA:283,0
DA:284,0
DA:285,0
DA:287,0
DA:294,0
DA:301,0
DA:302,0
DA:303,0
DA:304,0
DA:308,0
DA:309,0
DA:310,0
DA:311,0
DA:312,0
DA:313,0
DA:314,0
DA:316,0
DA:318,0
DA:323,0
DA:324,0
DA:325,0
DA:326,0
DA:327,0
DA:328,0
DA:330,0
DA:335,0
DA:345,0
DA:348,0
DA:349,0
DA:352,0
DA:359,0
DA:368,0
DA:370,0
DA:371,0
DA:374,0
DA:381,0
DA:384,0
DA:385,0
DA:386,0
DA:389,0
DA:391,0
DA:399,0
DA:400,0
DA:403,0
DA:404,0
DA:405,0
DA:406,0
DA:407,0
DA:408,0
DA:409,0
DA:410,0
DA:412,0
DA:414,0
DA:419,0
DA:420,0
DA:421,0
DA:422,0
DA:423,0
DA:424,0
DA:426,0
DA:431,0
DA:441,0
DA:443,0
DA:444,0
DA:447,0
DA:454,0
DA:457,0
DA:458,0
DA:459,0
DA:462,0
DA:464,0
DA:472,0
DA:473,0
DA:476,0
DA:477,0
DA:478,0
DA:479,0
DA:480,0
DA:481,0
DA:482,0
DA:484,0
DA:486,0
DA:491,0
DA:492,0
DA:493,0
DA:494,0
DA:495,0
DA:496,0
DA:498,0
DA:503,0
DA:513,0
DA:514,0
DA:515,0
DA:516,0
DA:518,0
DA:520,0
DA:522,0
DA:524,0
DA:531,0
DA:532,0
DA:536,0
DA:537,0
DA:541,0
DA:542,0
DA:545,0
DA:547,0
DA:556,0
DA:561,0
DA:562,0
DA:563,0
DA:565,0
DA:566,0
DA:571,0
DA:572,0
DA:575,0
DA:577,0
DA:583,0
DA:584,0
DA:585,0
DA:586,0
DA:587,0
DA:590,0
DA:591,0
DA:593,0
DA:599,0
DA:600,0
DA:601,0
DA:602,0
DA:603,0
DA:604,0
DA:606,0
DA:610,0
DA:611,0
DA:612,0
DA:613,0
DA:614,0
DA:615,0
DA:617,0
DA:621,0
DA:622,0
DA:623,0
DA:624,0
DA:625,0
DA:626,0
DA:628,0
DA:633,0
DA:634,0
DA:635,0
DA:637,0
DA:642,0
DA:644,0
DA:648,0
DA:650,0
DA:655,0
DA:657,0
DA:661,0
DA:663,0
DA:668,0
DA:670,0
DA:671,0
DA:673,0
DA:678,0
DA:680,0
DA:682,0
DA:688,0
DA:689,0
DA:690,0
DA:691,0
DA:694,0
DA:695,0
DA:697,0
DA:703,0
DA:704,0
DA:706,0
DA:711,0
DA:712,0
DA:713,0
DA:714,0
DA:718,0
DA:719,0
DA:720,0
DA:724,0
DA:725,0
DA:731,0
DA:732,0
DA:734,0
DA:740,0
DA:741,0
DA:742,0
DA:743,0
DA:746,0
DA:752,0
DA:753,0
DA:755,0
DA:762,0
DA:763,0
DA:764,0
DA:765,0
DA:771,0
DA:777,0
DA:778,0
DA:780,0
DA:785,0
DA:793,0
DA:794,0
DA:795,0
DA:796,0
DA:802,0
DA:803,0
DA:805,0
DA:810,0
DA:818,0
DA:819,0
DA:820,0
DA:821,0
DA:827,0
DA:833,0
DA:834,0
DA:836,0
DA:841,0
DA:849,0
DA:850,0
DA:851,0
DA:852,0
DA:858,0
DA:859,0
DA:861,0
DA:866,0
DA:874,0
DA:875,0
DA:876,0
DA:877,0
DA:883,0
DA:889,0
DA:890,0
DA:892,0
DA:897,0
DA:905,0
DA:906,0
DA:907,0
DA:908,0
DA:914,0
DA:915,0
DA:917,0
DA:922,0
DA:932,0
DA:933,0
DA:934,0
DA:937,0
DA:938,0
DA:945,0
DA:946,0
DA:953,0
DA:954,0
DA:956,0
DA:961,0
DA:969,0
DA:970,0
DA:971,0
DA:972,0
DA:978,0
DA:983,0
DA:992,0
DA:993,0
DA:994,0
DA:995,0
DA:997,0
LF:359
LH:0
BRDA:98,0,0,0
BRDA:98,0,1,0
BRDA:119,1,0,0
BRDA:119,1,1,0
BRDA:127,2,0,0
BRDA:127,2,1,0
BRDA:133,3,0,0
BRDA:133,3,1,0
BRDA:139,4,0,0
BRDA:139,4,1,0
BRDA:145,5,0,0
BRDA:145,5,1,0
BRDA:151,6,0,0
BRDA:151,6,1,0
BRDA:167,7,0,0
BRDA:167,7,1,0
BRDA:207,8,0,0
BRDA:207,8,1,0
BRDA:212,9,0,0
BRDA:212,9,1,0
BRDA:212,10,0,0
BRDA:212,10,1,0
BRDA:232,11,0,0
BRDA:232,11,1,0
BRDA:250,12,0,0
BRDA:250,12,1,0
BRDA:255,13,0,0
BRDA:255,13,1,0
BRDA:259,14,0,0
BRDA:259,14,1,0
BRDA:264,15,0,0
BRDA:264,15,1,0
BRDA:283,16,0,0
BRDA:283,16,1,0
BRDA:308,17,0,0
BRDA:308,17,1,0
BRDA:310,18,0,0
BRDA:310,18,1,0
BRDA:310,19,0,0
BRDA:310,19,1,0
BRDA:311,20,0,0
BRDA:311,20,1,0
BRDA:311,21,0,0
BRDA:311,21,1,0
BRDA:312,22,0,0
BRDA:312,22,1,0
BRDA:314,23,0,0
BRDA:314,23,1,0
BRDA:314,24,0,0
BRDA:314,24,1,0
BRDA:314,24,2,0
BRDA:315,25,0,0
BRDA:315,25,1,0
BRDA:315,26,0,0
BRDA:315,26,1,0
BRDA:316,27,0,0
BRDA:316,27,1,0
BRDA:316,28,0,0
BRDA:316,28,1,0
BRDA:323,29,0,0
BRDA:323,29,1,0
BRDA:323,30,0,0
BRDA:323,30,1,0
BRDA:323,31,0,0
BRDA:323,31,1,0
BRDA:324,32,0,0
BRDA:324,32,1,0
BRDA:324,33,0,0
BRDA:324,33,1,0
BRDA:324,34,0,0
BRDA:324,34,1,0
BRDA:348,35,0,0
BRDA:348,35,1,0
BRDA:359,36,0,0
BRDA:359,36,1,0
BRDA:370,37,0,0
BRDA:370,37,1,0
BRDA:370,38,0,0
BRDA:370,38,1,0
BRDA:385,39,0,0
BRDA:385,39,1,0
BRDA:403,40,0,0
BRDA:403,40,1,0
BRDA:405,41,0,0
BRDA:405,41,1,0
BRDA:405,42,0,0
BRDA:405,42,1,0
BRDA:406,43,0,0
BRDA:406,43,1,0
BRDA:406,44,0,0
BRDA:406,44,1,0
BRDA:407,45,0,0
BRDA:407,45,1,0
BRDA:407,46,0,0
BRDA:407,46,1,0
BRDA:408,47,0,0
BRDA:408,47,1,0
BRDA:410,48,0,0
BRDA:410,48,1,0
BRDA:410,49,0,0
BRDA:410,49,1,0
BRDA:410,49,2,0
BRDA:411,50,0,0
BRDA:411,50,1,0
BRDA:411,51,0,0
BRDA:411,51,1,0
BRDA:412,52,0,0
BRDA:412,52,1,0
BRDA:412,53,0,0
BRDA:412,53,1,0
BRDA:419,54,0,0
BRDA:419,54,1,0
BRDA:419,55,0,0
BRDA:419,55,1,0
BRDA:419,56,0,0
BRDA:419,56,1,0
BRDA:420,57,0,0
BRDA:420,57,1,0
BRDA:420,58,0,0
BRDA:420,58,1,0
BRDA:420,59,0,0
BRDA:420,59,1,0
BRDA:443,60,0,0
BRDA:443,60,1,0
BRDA:443,61,0,0
BRDA:443,61,1,0
BRDA:458,62,0,0
BRDA:458,62,1,0
BRDA:476,63,0,0
BRDA:476,63,1,0
BRDA:478,64,0,0
BRDA:478,64,1,0
BRDA:478,65,0,0
BRDA:478,65,1,0
BRDA:479,66,0,0
BRDA:479,66,1,0
BRDA:479,67,0,0
BRDA:479,67,1,0
BRDA:480,68,0,0
BRDA:480,68,1,0
BRDA:482,69,0,0
BRDA:482,69,1,0
BRDA:482,70,0,0
BRDA:482,70,1,0
BRDA:482,70,2,0
BRDA:483,71,0,0
BRDA:483,71,1,0
BRDA:483,72,0,0
BRDA:483,72,1,0
BRDA:484,73,0,0
BRDA:484,73,1,0
BRDA:484,74,0,0
BRDA:484,74,1,0
BRDA:491,75,0,0
BRDA:491,75,1,0
BRDA:491,76,0,0
BRDA:491,76,1,0
BRDA:491,77,0,0
BRDA:491,77,1,0
BRDA:492,78,0,0
BRDA:492,78,1,0
BRDA:492,79,0,0
BRDA:492,79,1,0
BRDA:492,80,0,0
BRDA:492,80,1,0
BRDA:587,81,0,0
BRDA:587,81,1,0
BRDA:599,82,0,0
BRDA:599,82,1,0
BRDA:599,83,0,0
BRDA:599,83,1,0
BRDA:601,84,0,0
BRDA:601,84,1,0
BRDA:601,85,0,0
BRDA:601,85,1,0
BRDA:603,86,0,0
BRDA:603,86,1,0
BRDA:603,87,0,0
BRDA:603,87,1,0
BRDA:610,88,0,0
BRDA:610,88,1,0
BRDA:612,89,0,0
BRDA:612,89,1,0
BRDA:614,90,0,0
BRDA:614,90,1,0
BRDA:621,91,0,0
BRDA:621,91,1,0
BRDA:623,92,0,0
BRDA:623,92,1,0
BRDA:625,93,0,0
BRDA:625,93,1,0
BRDA:690,94,0,0
BRDA:690,94,1,0
BRDA:694,95,0,0
BRDA:694,95,1,0
BRDA:713,96,0,0
BRDA:713,96,1,0
BRDA:719,97,0,0
BRDA:719,97,1,0
BRDA:742,98,0,0
BRDA:742,98,1,0
BRDA:764,99,0,0
BRDA:764,99,1,0
BRDA:787,100,0,0
BRDA:787,100,1,0
BRDA:795,101,0,0
BRDA:795,101,1,0
BRDA:812,102,0,0
BRDA:812,102,1,0
BRDA:820,103,0,0
BRDA:820,103,1,0
BRDA:843,104,0,0
BRDA:843,104,1,0
BRDA:851,105,0,0
BRDA:851,105,1,0
BRDA:868,106,0,0
BRDA:868,106,1,0
BRDA:876,107,0,0
BRDA:876,107,1,0
BRDA:899,108,0,0
BRDA:899,108,1,0
BRDA:907,109,0,0
BRDA:907,109,1,0
BRDA:924,110,0,0
BRDA:924,110,1,0
BRDA:934,111,0,0
BRDA:934,111,1,0
BRDA:937,112,0,0
BRDA:937,112,1,0
BRDA:945,113,0,0
BRDA:945,113,1,0
BRDA:963,114,0,0
BRDA:963,114,1,0
BRDA:971,115,0,0
BRDA:971,115,1,0
BRDA:985,116,0,0
BRDA:985,116,1,0
BRF:237
BRH:0
end_of_record
TN:
SF:src/services/core/database.ts
FN:16,(anonymous_7)
FN:29,(anonymous_9)
FN:37,(anonymous_11)
FNF:3
FNH:0
FNDA:0,(anonymous_7)
FNDA:0,(anonymous_9)
FNDA:0,(anonymous_11)
DA:6,1
DA:13,1
DA:14,1
DA:17,0
DA:18,0
DA:21,0
DA:22,0
DA:25,0
DA:26,0
DA:30,0
DA:31,0
DA:32,0
DA:34,0
DA:38,0
DA:39,0
DA:40,0
DA:41,0
DA:46,1
LF:18
LH:4
BRDA:17,0,0,0
BRDA:17,0,1,0
BRDA:21,1,0,0
BRDA:21,1,1,0
BRDA:30,2,0,0
BRDA:30,2,1,0
BRDA:38,3,0,0
BRDA:38,3,1,0
BRF:8
BRH:0
end_of_record
TN:
SF:src/services/core/index.ts
FN:5,(anonymous_4)
FN:5,(anonymous_5)
FN:6,(anonymous_6)
FN:7,(anonymous_7)
FN:8,(anonymous_8)
FN:9,(anonymous_9)
FN:10,(anonymous_10)
FN:11,(anonymous_11)
FNF:8
FNH:0
FNDA:0,(anonymous_4)
FNDA:0,(anonymous_5)
FNDA:0,(anonymous_6)
FNDA:0,(anonymous_7)
FNDA:0,(anonymous_8)
FNDA:0,(anonymous_9)
FNDA:0,(anonymous_10)
FNDA:0,(anonymous_11)
DA:5,0
DA:6,0
DA:7,0
DA:8,0
DA:9,0
DA:10,0
DA:11,0
DA:12,0
LF:8
LH:0
BRF:0
BRH:0
end_of_record
TN:
SF:src/services/core/__tests__/fixtures/testDataManager.ts
FN:7,(anonymous_7)
FN:8,(anonymous_8)
FN:36,(anonymous_9)
FN:40,(anonymous_10)
FN:50,(anonymous_11)
FN:57,(anonymous_13)
FN:68,(anonymous_15)
FN:75,(anonymous_16)
FN:137,(anonymous_17)
FN:182,(anonymous_18)
FN:212,(anonymous_19)
FN:242,(anonymous_20)
FN:318,(anonymous_21)
FN:343,(anonymous_22)
FN:399,(anonymous_23)
FN:438,(anonymous_24)
FN:450,(anonymous_26)
FN:472,(anonymous_27)
FNF:18
FNH:0
FNDA:0,(anonymous_7)
FNDA:0,(anonymous_8)
FNDA:0,(anonymous_9)
FNDA:0,(anonymous_10)
FNDA:0,(anonymous_11)
FNDA:0,(anonymous_13)
FNDA:0,(anonymous_15)
FNDA:0,(anonymous_16)
FNDA:0,(anonymous_17)
FNDA:0,(anonymous_18)
FNDA:0,(anonymous_19)
FNDA:0,(anonymous_20)
FNDA:0,(anonymous_21)
FNDA:0,(anonymous_22)
FNDA:0,(anonymous_23)
FNDA:0,(anonymous_24)
FNDA:0,(anonymous_26)
FNDA:0,(anonymous_27)
DA:7,0
DA:8,0
DA:9,0
DA:13,0
DA:36,0
DA:38,0
DA:41,0
DA:42,0
DA:44,0
DA:51,0
DA:58,0
DA:59,0
DA:60,0
DA:62,0
DA:69,0
DA:81,0
DA:92,0
DA:103,0
DA:114,0
DA:131,0
DA:141,0
DA:157,0
DA:176,0
DA:183,0
DA:213,0
DA:243,0
DA:325,0
DA:326,0
DA:327,0
DA:328,0
DA:329,0
DA:331,0
DA:350,0
DA:352,0
DA:405,0
DA:407,0
DA:440,0
DA:444,0
DA:452,0
DA:453,0
DA:457,0
DA:458,0
DA:462,0
DA:463,0
DA:466,0
DA:473,0
DA:475,0
DA:476,0
DA:477,0
DA:479,0
DA:481,0
DA:497,0
DA:500,0
DA:511,0
DA:514,0
DA:526,0
DA:530,0
LF:57
LH:0
BRDA:41,0,0,0
BRDA:41,0,1,0
BRDA:59,1,0,0
BRDA:59,1,1,0
BRDA:452,2,0,0
BRDA:452,2,1,0
BRDA:452,3,0,0
BRDA:452,3,1,0
BRDA:452,3,2,0
BRDA:457,4,0,0
BRDA:457,4,1,0
BRDA:462,5,0,0
BRDA:462,5,1,0
BRDA:462,6,0,0
BRDA:462,6,1,0
BRDA:472,7,0,0
BRDA:479,8,0,0
BRDA:479,8,1,0
BRDA:479,8,2,0
BRF:19
BRH:0
end_of_record
TN:
SF:src/utils/businessLogicTester.ts
FN:50,(anonymous_7)
FN:62,(anonymous_8)
FN:147,(anonymous_10)
FN:167,(anonymous_12)
FN:219,(anonymous_14)
FN:227,(anonymous_15)
FN:252,(anonymous_17)
FN:278,(anonymous_19)
FN:330,(anonymous_21)
FN:338,(anonymous_22)
FN:391,(anonymous_24)
FN:399,(anonymous_25)
FN:409,(anonymous_27)
FN:418,(anonymous_29)
FN:427,(anonymous_31)
FN:437,(anonymous_32)
FN:445,(anonymous_33)
FN:453,(anonymous_34)
FN:458,(anonymous_35)
FN:463,(anonymous_36)
FN:468,(anonymous_37)
FN:480,(anonymous_38)
FN:488,(anonymous_39)
FN:489,(anonymous_40)
FN:490,(anonymous_41)
FN:499,(anonymous_42)
FN:501,(anonymous_43)
FN:509,(anonymous_44)
FN:509,(anonymous_45)
FNF:29
FNH:0
FNDA:0,(anonymous_7)
FNDA:0,(anonymous_8)
FNDA:0,(anonymous_10)
FNDA:0,(anonymous_12)
FNDA:0,(anonymous_14)
FNDA:0,(anonymous_15)
FNDA:0,(anonymous_17)
FNDA:0,(anonymous_19)
FNDA:0,(anonymous_21)
FNDA:0,(anonymous_22)
FNDA:0,(anonymous_24)
FNDA:0,(anonymous_25)
FNDA:0,(anonymous_27)
FNDA:0,(anonymous_29)
FNDA:0,(anonymous_31)
FNDA:0,(anonymous_32)
FNDA:0,(anonymous_33)
FNDA:0,(anonymous_34)
FNDA:0,(anonymous_35)
FNDA:0,(anonymous_36)
FNDA:0,(anonymous_37)
FNDA:0,(anonymous_38)
FNDA:0,(anonymous_39)
FNDA:0,(anonymous_40)
FNDA:0,(anonymous_41)
FNDA:0,(anonymous_42)
FNDA:0,(anonymous_43)
FNDA:0,(anonymous_44)
FNDA:0,(anonymous_45)
DA:6,0
DA:7,0
DA:8,0
DA:9,0
DA:10,0
DA:11,0
DA:42,0
DA:51,0
DA:52,0
DA:53,0
DA:54,0
DA:55,0
DA:56,0
DA:63,0
DA:75,0
DA:77,0
DA:78,0
DA:81,0
DA:82,0
DA:85,0
DA:86,0
DA:87,0
DA:88,0
DA:92,0
DA:93,0
DA:94,0
DA:95,0
DA:99,0
DA:100,0
DA:103,0
DA:104,0
DA:107,0
DA:108,0
DA:115,0
DA:118,0
DA:119,0
DA:122,0
DA:124,0
DA:125,0
DA:128,0
DA:129,0
DA:130,0
DA:131,0
DA:132,0
DA:139,0
DA:140,0
DA:148,0
DA:150,0
DA:152,0
DA:154,0
DA:156,0
DA:158,0
DA:160,0
DA:168,0
DA:169,0
DA:172,0
DA:178,0
DA:185,0
DA:186,0
DA:187,0
DA:189,0
DA:190,0
DA:191,0
DA:193,0
DA:199,0
DA:206,0
DA:207,0
DA:215,0
DA:219,0
DA:228,0
DA:229,0
DA:232,0
DA:238,0
DA:246,0
DA:253,0
DA:254,0
DA:257,0
DA:263,0
DA:272,0
DA:279,0
DA:280,0
DA:283,0
DA:289,0
DA:296,0
DA:297,0
DA:298,0
DA:300,0
DA:301,0
DA:302,0
DA:304,0
DA:310,0
DA:317,0
DA:318,0
DA:326,0
DA:330,0
DA:339,0
DA:340,0
DA:343,0
DA:349,0
DA:357,0
DA:358,0
DA:359,0
DA:361,0
DA:362,0
DA:363,0
DA:365,0
DA:371,0
DA:378,0
DA:379,0
DA:387,0
DA:391,0
DA:402,0
DA:403,0
DA:411,0
DA:412,0
DA:420,0
DA:421,0
DA:429,0
DA:431,0
DA:438,0
DA:439,0
DA:446,0
DA:447,0
DA:454,0
DA:457,0
DA:458,0
DA:462,0
DA:463,0
DA:467,0
DA:468,0
DA:475,0
DA:479,0
DA:480,0
DA:482,0
DA:489,0
DA:490,0
DA:491,0
DA:493,0
DA:500,0
DA:501,0
DA:502,0
DA:504,0
DA:509,0
DA:515,0
LF:144
LH:0
BRDA:124,0,0,0
BRDA:124,0,1,0
BRDA:128,1,0,0
BRDA:128,1,1,0
BRDA:148,2,0,0
BRDA:148,2,1,0
BRDA:148,2,2,0
BRDA:148,2,3,0
BRDA:148,2,4,0
BRDA:148,2,5,0
BRDA:206,3,0,0
BRDA:206,3,1,0
BRDA:317,4,0,0
BRDA:317,4,1,0
BRDA:378,5,0,0
BRDA:378,5,1,0
BRDA:429,6,0,0
BRDA:429,6,1,0
BRDA:429,7,0,0
BRDA:429,7,1,0
BRDA:438,8,0,0
BRDA:438,8,1,0
BRDA:438,9,0,0
BRDA:438,9,1,0
BRDA:446,10,0,0
BRDA:446,10,1,0
BRDA:446,11,0,0
BRDA:446,11,1,0
BRDA:457,12,0,0
BRDA:457,12,1,0
BRDA:458,13,0,0
BRDA:458,13,1,0
BRDA:462,14,0,0
BRDA:462,14,1,0
BRDA:463,15,0,0
BRDA:463,15,1,0
BRDA:467,16,0,0
BRDA:467,16,1,0
BRDA:467,17,0,0
BRDA:467,17,1,0
BRDA:480,18,0,0
BRDA:480,18,1,0
BRDA:480,19,0,0
BRDA:480,19,1,0
BRDA:491,20,0,0
BRDA:491,20,1,0
BRDA:491,21,0,0
BRDA:491,21,1,0
BRDA:491,22,0,0
BRDA:491,22,1,0
BRDA:493,23,0,0
BRDA:493,23,1,0
BRDA:493,23,2,0
BRDA:509,24,0,0
BRDA:509,24,1,0
BRF:55
BRH:0
end_of_record
TN:
SF:src/utils/cn.ts
FN:4,cn
FNF:1
FNH:0
FNDA:0,cn
DA:1,0
DA:2,0
DA:4,0
DA:5,0
LF:4
LH:0
BRF:0
BRH:0
end_of_record
TN:
SF:src/utils/concurrency.ts
FN:4,(anonymous_7)
FN:8,(anonymous_8)
FN:9,(anonymous_10)
FN:15,(anonymous_11)
FN:23,(anonymous_12)
FN:31,(anonymous_13)
FN:46,(anonymous_15)
FN:50,(anonymous_16)
FN:51,(anonymous_18)
FN:57,(anonymous_19)
FN:65,(anonymous_20)
FN:73,(anonymous_21)
FN:84,(anonymous_23)
FN:87,(anonymous_24)
FN:92,(anonymous_25)
FN:98,(anonymous_26)
FN:107,(anonymous_27)
FN:115,(anonymous_28)
FN:116,(anonymous_29)
FN:123,(anonymous_30)
FN:124,(anonymous_31)
FN:143,(anonymous_32)
FN:157,(anonymous_33)
FN:164,(anonymous_34)
FN:171,(anonymous_35)
FN:179,(anonymous_37)
FN:193,(anonymous_39)
FN:216,(anonymous_41)
FN:220,(anonymous_42)
FN:233,(anonymous_44)
FN:237,(anonymous_45)
FN:237,(anonymous_46)
FN:255,(anonymous_47)
FN:265,(anonymous_48)
FN:266,(anonymous_49)
FN:283,(anonymous_50)
FNF:36
FNH:0
FNDA:0,(anonymous_7)
FNDA:0,(anonymous_8)
FNDA:0,(anonymous_10)
FNDA:0,(anonymous_11)
FNDA:0,(anonymous_12)
FNDA:0,(anonymous_13)
FNDA:0,(anonymous_15)
FNDA:0,(anonymous_16)
FNDA:0,(anonymous_18)
FNDA:0,(anonymous_19)
FNDA:0,(anonymous_20)
FNDA:0,(anonymous_21)
FNDA:0,(anonymous_23)
FNDA:0,(anonymous_24)
FNDA:0,(anonymous_25)
FNDA:0,(anonymous_26)
FNDA:0,(anonymous_27)
FNDA:0,(anonymous_28)
FNDA:0,(anonymous_29)
FNDA:0,(anonymous_30)
FNDA:0,(anonymous_31)
FNDA:0,(anonymous_32)
FNDA:0,(anonymous_33)
FNDA:0,(anonymous_34)
FNDA:0,(anonymous_35)
FNDA:0,(anonymous_37)
FNDA:0,(anonymous_39)
FNDA:0,(anonymous_41)
FNDA:0,(anonymous_42)
FNDA:0,(anonymous_44)
FNDA:0,(anonymous_45)
FNDA:0,(anonymous_46)
FNDA:0,(anonymous_47)
FNDA:0,(anonymous_48)
FNDA:0,(anonymous_49)
FNDA:0,(anonymous_50)
DA:4,0
DA:5,0
DA:6,0
DA:9,0
DA:10,0
DA:11,0
DA:16,0
DA:17,0
DA:20,0
DA:21,0
DA:23,0
DA:24,0
DA:25,0
DA:28,0
DA:32,0
DA:33,0
DA:34,0
DA:36,0
DA:42,0
DA:44,0
DA:47,0
DA:51,0
DA:52,0
DA:53,0
DA:58,0
DA:59,0
DA:62,0
DA:63,0
DA:65,0
DA:66,0
DA:67,0
DA:70,0
DA:74,0
DA:75,0
DA:76,0
DA:78,0
DA:84,0
DA:85,0
DA:92,0
DA:93,0
DA:94,0
DA:95,0
DA:98,0
DA:99,0
DA:100,0
DA:103,0
DA:108,0
DA:109,0
DA:110,0
DA:111,0
DA:116,0
DA:117,0
DA:122,0
DA:124,0
DA:130,0
DA:132,0
DA:133,0
DA:134,0
DA:136,0
DA:138,0
DA:139,0
DA:143,0
DA:144,0
DA:148,0
DA:153,0
DA:154,0
DA:155,0
DA:158,0
DA:159,0
DA:161,0
DA:165,0
DA:166,0
DA:168,0
DA:175,0
DA:176,0
DA:184,0
DA:185,0
DA:190,0
DA:191,0
DA:198,0
DA:199,0
DA:200,0
DA:204,0
DA:205,0
DA:207,0
DA:208,0
DA:209,0
DA:212,0
DA:217,0
DA:221,0
DA:222,0
DA:223,0
DA:229,0
DA:230,0
DA:234,0
DA:237,0
DA:238,0
DA:239,0
DA:242,0
DA:243,0
DA:247,0
DA:252,0
DA:256,0
DA:257,0
DA:258,0
DA:261,0
DA:262,0
DA:266,0
DA:271,0
DA:273,0
DA:274,0
DA:275,0
DA:276,0
DA:278,0
DA:283,0
DA:286,0
LF:116
LH:0
BRDA:16,0,0,0
BRDA:16,0,1,0
BRDA:16,1,0,0
BRDA:16,1,1,0
BRDA:58,2,0,0
BRDA:58,2,1,0
BRDA:58,3,0,0
BRDA:58,3,1,0
BRDA:94,4,0,0
BRDA:94,4,1,0
BRDA:109,5,0,0
BRDA:109,5,1,0
BRDA:125,6,0,0
BRDA:126,7,0,0
BRDA:127,8,0,0
BRDA:136,9,0,0
BRDA:136,9,1,0
BRDA:138,10,0,0
BRDA:138,10,1,0
BRDA:158,11,0,0
BRDA:158,11,1,0
BRDA:165,12,0,0
BRDA:165,12,1,0
BRDA:199,13,0,0
BRDA:199,13,1,0
BRDA:222,14,0,0
BRDA:222,14,1,0
BRDA:234,15,0,0
BRDA:234,15,1,0
BRDA:237,16,0,0
BRDA:242,17,0,0
BRDA:242,17,1,0
BRDA:242,18,0,0
BRDA:242,18,1,0
BRDA:257,19,0,0
BRDA:257,19,1,0
BRDA:257,20,0,0
BRDA:257,20,1,0
BRDA:268,21,0,0
BRDA:269,22,0,0
BRDA:274,23,0,0
BRDA:274,23,1,0
BRF:42
BRH:0
end_of_record
TN:
SF:src/utils/consumptionCalculator.ts
FN:26,(anonymous_7)
FN:40,(anonymous_8)
FN:54,(anonymous_9)
FN:56,(anonymous_10)
FN:62,(anonymous_11)
FN:63,(anonymous_12)
FN:81,(anonymous_13)
FN:107,(anonymous_15)
FN:136,(anonymous_16)
FN:141,(anonymous_17)
FN:162,(anonymous_18)
FN:166,(anonymous_19)
FN:174,(anonymous_20)
FN:180,(anonymous_21)
FN:197,(anonymous_22)
FN:201,(anonymous_23)
FN:221,(anonymous_24)
FN:226,(anonymous_25)
FN:231,(anonymous_26)
FN:234,(anonymous_27)
FN:249,(anonymous_28)
FN:250,(anonymous_29)
FN:284,(anonymous_30)
FN:303,(anonymous_31)
FN:322,(anonymous_32)
FN:340,(anonymous_33)
FNF:26
FNH:0
FNDA:0,(anonymous_7)
FNDA:0,(anonymous_8)
FNDA:0,(anonymous_9)
FNDA:0,(anonymous_10)
FNDA:0,(anonymous_11)
FNDA:0,(anonymous_12)
FNDA:0,(anonymous_13)
FNDA:0,(anonymous_15)
FNDA:0,(anonymous_16)
FNDA:0,(anonymous_17)
FNDA:0,(anonymous_18)
FNDA:0,(anonymous_19)
FNDA:0,(anonymous_20)
FNDA:0,(anonymous_21)
FNDA:0,(anonymous_22)
FNDA:0,(anonymous_23)
FNDA:0,(anonymous_24)
FNDA:0,(anonymous_25)
FNDA:0,(anonymous_26)
FNDA:0,(anonymous_27)
FNDA:0,(anonymous_28)
FNDA:0,(anonymous_29)
FNDA:0,(anonymous_30)
FNDA:0,(anonymous_31)
FNDA:0,(anonymous_32)
FNDA:0,(anonymous_33)
DA:5,0
DA:14,0
DA:20,0
DA:27,0
DA:41,0
DA:56,0
DA:58,0
DA:59,0
DA:62,0
DA:63,0
DA:64,0
DA:66,0
DA:85,0
DA:87,0
DA:89,0
DA:94,0
DA:95,0
DA:108,0
DA:110,0
DA:121,0
DA:122,0
DA:125,0
DA:137,0
DA:138,0
DA:141,0
DA:150,0
DA:151,0
DA:154,0
DA:163,0
DA:166,0
DA:167,0
DA:168,0
DA:169,0
DA:173,0
DA:174,0
DA:175,0
DA:180,0
DA:181,0
DA:184,0
DA:186,0
DA:198,0
DA:201,0
DA:202,0
DA:203,0
DA:204,0
DA:207,0
DA:209,0
DA:222,0
DA:223,0
DA:226,0
DA:227,0
DA:231,0
DA:232,0
DA:234,0
DA:235,0
DA:236,0
DA:237,0
DA:241,0
DA:245,0
DA:246,0
DA:247,0
DA:249,0
DA:250,0
DA:251,0
DA:252,0
DA:253,0
DA:257,0
DA:264,0
DA:270,0
DA:285,0
DA:287,0
DA:289,0
DA:291,0
DA:293,0
DA:304,0
DA:307,0
DA:309,0
DA:311,0
DA:323,0
DA:325,0
DA:327,0
DA:329,0
DA:331,0
DA:341,0
DA:343,0
DA:344,0
DA:347,0
DA:348,0
DA:351,0
DA:352,0
DA:355,0
DA:356,0
DA:359,0
DA:360,0
DA:363,0
DA:373,0
LF:96
LH:0
BRDA:58,0,0,0
BRDA:58,0,1,0
BRDA:64,1,0,0
BRDA:64,1,1,0
BRDA:91,2,0,0
BRDA:91,2,1,0
BRDA:112,3,0,0
BRDA:112,3,1,0
BRDA:113,4,0,0
BRDA:113,4,1,0
BRDA:114,5,0,0
BRDA:114,5,1,0
BRDA:121,6,0,0
BRDA:121,6,1,0
BRDA:137,7,0,0
BRDA:137,7,1,0
BRDA:143,8,0,0
BRDA:143,8,1,0
BRDA:143,9,0,0
BRDA:143,9,1,0
BRDA:150,10,0,0
BRDA:150,10,1,0
BRDA:173,11,0,0
BRDA:173,11,1,0
BRDA:236,12,0,0
BRDA:236,12,1,0
BRDA:285,13,0,0
BRDA:285,13,1,0
BRDA:285,13,2,0
BRDA:285,13,3,0
BRDA:289,14,0,0
BRDA:289,14,1,0
BRDA:304,15,0,0
BRDA:304,15,1,0
BRDA:304,15,2,0
BRDA:304,15,3,0
BRDA:323,16,0,0
BRDA:323,16,1,0
BRDA:323,16,2,0
BRDA:323,16,3,0
BRDA:325,17,0,0
BRDA:325,17,1,0
BRDA:327,18,0,0
BRDA:327,18,1,0
BRDA:327,18,2,0
BRDA:343,19,0,0
BRDA:343,19,1,0
BRDA:347,20,0,0
BRDA:347,20,1,0
BRDA:351,21,0,0
BRDA:351,21,1,0
BRDA:355,22,0,0
BRDA:355,22,1,0
BRDA:355,23,0,0
BRDA:355,23,1,0
BRDA:359,24,0,0
BRDA:359,24,1,0
BRDA:359,25,0,0
BRDA:359,25,1,0
BRF:59
BRH:0
end_of_record
TN:
SF:src/utils/dataChangeTracker.ts
FN:63,(anonymous_7)
FN:71,(anonymous_8)
FN:101,(anonymous_10)
FN:130,(anonymous_12)
FN:148,(anonymous_14)
FN:149,(anonymous_15)
FN:152,(anonymous_16)
FN:164,(anonymous_17)
FN:176,(anonymous_18)
FN:202,(anonymous_19)
FN:226,(anonymous_20)
FN:239,(anonymous_21)
FN:262,(anonymous_23)
FN:267,(anonymous_24)
FN:268,(anonymous_25)
FN:279,(anonymous_26)
FN:309,(anonymous_28)
FN:344,(anonymous_30)
FN:351,(anonymous_32)
FN:385,(anonymous_33)
FN:392,(anonymous_35)
FN:395,(anonymous_36)
FN:400,(anonymous_37)
FN:401,(anonymous_38)
FN:422,(anonymous_39)
FN:429,(anonymous_41)
FN:449,(anonymous_42)
FN:456,(anonymous_44)
FN:476,(anonymous_45)
FN:490,(anonymous_47)
FN:491,(anonymous_48)
FN:509,(anonymous_49)
FN:537,(anonymous_50)
FN:551,(anonymous_52)
FN:552,(anonymous_53)
FN:570,(anonymous_54)
FN:598,(anonymous_55)
FN:615,(anonymous_57)
FN:636,(anonymous_59)
FN:657,(anonymous_61)
FN:675,(anonymous_63)
FN:694,(anonymous_64)
FN:716,(anonymous_65)
FN:733,(anonymous_66)
FN:742,(anonymous_67)
FN:750,(anonymous_68)
FN:764,(anonymous_70)
FN:798,(anonymous_71)
FN:806,(anonymous_72)
FN:817,(anonymous_73)
FN:837,(anonymous_74)
FN:856,(anonymous_75)
FN:869,(anonymous_77)
FNF:53
FNH:0
FNDA:0,(anonymous_7)
FNDA:0,(anonymous_8)
FNDA:0,(anonymous_10)
FNDA:0,(anonymous_12)
FNDA:0,(anonymous_14)
FNDA:0,(anonymous_15)
FNDA:0,(anonymous_16)
FNDA:0,(anonymous_17)
FNDA:0,(anonymous_18)
FNDA:0,(anonymous_19)
FNDA:0,(anonymous_20)
FNDA:0,(anonymous_21)
FNDA:0,(anonymous_23)
FNDA:0,(anonymous_24)
FNDA:0,(anonymous_25)
FNDA:0,(anonymous_26)
FNDA:0,(anonymous_28)
FNDA:0,(anonymous_30)
FNDA:0,(anonymous_32)
FNDA:0,(anonymous_33)
FNDA:0,(anonymous_35)
FNDA:0,(anonymous_36)
FNDA:0,(anonymous_37)
FNDA:0,(anonymous_38)
FNDA:0,(anonymous_39)
FNDA:0,(anonymous_41)
FNDA:0,(anonymous_42)
FNDA:0,(anonymous_44)
FNDA:0,(anonymous_45)
FNDA:0,(anonymous_47)
FNDA:0,(anonymous_48)
FNDA:0,(anonymous_49)
FNDA:0,(anonymous_50)
FNDA:0,(anonymous_52)
FNDA:0,(anonymous_53)
FNDA:0,(anonymous_54)
FNDA:0,(anonymous_55)
FNDA:0,(anonymous_57)
FNDA:0,(anonymous_59)
FNDA:0,(anonymous_61)
FNDA:0,(anonymous_63)
FNDA:0,(anonymous_64)
FNDA:0,(anonymous_65)
FNDA:0,(anonymous_66)
FNDA:0,(anonymous_67)
FNDA:0,(anonymous_68)
FNDA:0,(anonymous_70)
FNDA:0,(anonymous_71)
FNDA:0,(anonymous_72)
FNDA:0,(anonymous_73)
FNDA:0,(anonymous_74)
FNDA:0,(anonymous_75)
FNDA:0,(anonymous_77)
DA:59,0
DA:60,0
DA:61,0
DA:64,0
DA:65,0
DA:76,0
DA:78,0
DA:80,0
DA:81,0
DA:83,0
DA:93,0
DA:95,0
DA:105,0
DA:108,0
DA:110,0
DA:111,0
DA:112,0
DA:114,0
DA:115,0
DA:118,0
DA:119,0
DA:120,0
DA:124,0
DA:135,0
DA:148,0
DA:149,0
DA:152,0
DA:153,0
DA:154,0
DA:155,0
DA:158,0
DA:159,0
DA:164,0
DA:165,0
DA:166,0
DA:167,0
DA:170,0
DA:171,0
DA:176,0
DA:177,0
DA:178,0
DA:179,0
DA:185,0
DA:188,0
DA:189,0
DA:194,0
DA:196,0
DA:203,0
DA:204,0
DA:206,0
DA:207,0
DA:208,0
DA:210,0
DA:211,0
DA:220,0
DA:227,0
DA:228,0
DA:230,0
DA:231,0
DA:233,0
DA:244,0
DA:245,0
DA:248,0
DA:249,0
DA:250,0
DA:253,0
DA:254,0
DA:258,0
DA:259,0
DA:261,0
DA:262,0
DA:267,0
DA:268,0
DA:273,0
DA:280,0
DA:283,0
DA:285,0
DA:287,0
DA:288,0
DA:289,0
DA:290,0
DA:295,0
DA:296,0
DA:297,0
DA:298,0
DA:303,0
DA:314,0
DA:317,0
DA:319,0
DA:320,0
DA:322,0
DA:323,0
DA:325,0
DA:326,0
DA:328,0
DA:329,0
DA:331,0
DA:332,0
DA:334,0
DA:335,0
DA:338,0
DA:348,0
DA:351,0
DA:352,0
DA:353,0
DA:365,0
DA:366,0
DA:367,0
DA:379,0
DA:389,0
DA:390,0
DA:392,0
DA:394,0
DA:395,0
DA:396,0
DA:399,0
DA:400,0
DA:401,0
DA:403,0
DA:404,0
DA:416,0
DA:426,0
DA:429,0
DA:430,0
DA:431,0
DA:443,0
DA:453,0
DA:456,0
DA:457,0
DA:458,0
DA:470,0
DA:480,0
DA:481,0
DA:483,0
DA:485,0
DA:486,0
DA:487,0
DA:488,0
DA:489,0
DA:490,0
DA:491,0
DA:493,0
DA:494,0
DA:508,0
DA:509,0
DA:510,0
DA:511,0
DA:517,0
DA:518,0
DA:531,0
DA:541,0
DA:542,0
DA:544,0
DA:546,0
DA:547,0
DA:548,0
DA:549,0
DA:550,0
DA:551,0
DA:552,0
DA:554,0
DA:555,0
DA:569,0
DA:570,0
DA:571,0
DA:572,0
DA:578,0
DA:579,0
DA:592,0
DA:602,0
DA:605,0
DA:606,0
DA:607,0
DA:609,0
DA:619,0
DA:622,0
DA:623,0
DA:625,0
DA:630,0
DA:640,0
DA:643,0
DA:644,0
DA:646,0
DA:651,0
DA:661,0
DA:664,0
DA:665,0
DA:667,0
DA:672,0
DA:673,0
DA:674,0
DA:675,0
DA:676,0
DA:677,0
DA:691,0
DA:692,0
DA:693,0
DA:694,0
DA:695,0
DA:696,0
DA:710,0
DA:717,0
DA:718,0
DA:720,0
DA:721,0
DA:722,0
DA:723,0
DA:727,0
DA:736,0
DA:744,0
DA:751,0
DA:752,0
DA:756,0
DA:758,0
DA:768,0
DA:785,0
DA:787,0
DA:788,0
DA:789,0
DA:792,0
DA:799,0
DA:806,0
DA:807,0
DA:811,0
DA:819,0
DA:825,0
DA:829,0
DA:839,0
DA:846,0
DA:857,0
DA:858,0
DA:859,0
DA:861,0
DA:862,0
DA:864,0
DA:867,0
DA:869,0
DA:872,0
DA:873,0
DA:875,0
LF:240
LH:0
BRDA:114,0,0,0
BRDA:114,0,1,0
BRDA:114,1,0,0
BRDA:114,1,1,0
BRDA:119,2,0,0
BRDA:119,2,1,0
BRDA:119,3,0,0
BRDA:119,3,1,0
BRDA:119,3,2,0
BRDA:153,4,0,0
BRDA:153,4,1,0
BRDA:165,5,0,0
BRDA:165,5,1,0
BRDA:178,6,0,0
BRDA:178,6,1,0
BRDA:178,7,0,0
BRDA:178,7,1,0
BRDA:210,8,0,0
BRDA:210,8,1,0
BRDA:227,9,0,0
BRDA:227,9,1,0
BRDA:227,10,0,0
BRDA:227,10,1,0
BRDA:230,11,0,0
BRDA:230,11,1,0
BRDA:230,12,0,0
BRDA:230,12,1,0
BRDA:262,13,0,0
BRDA:262,13,1,0
BRDA:283,14,0,0
BRDA:283,14,1,0
BRDA:289,15,0,0
BRDA:289,15,1,0
BRDA:297,16,0,0
BRDA:297,16,1,0
BRDA:317,17,0,0
BRDA:317,17,1,0
BRDA:317,17,2,0
BRDA:317,17,3,0
BRDA:317,17,4,0
BRDA:317,17,5,0
BRDA:352,18,0,0
BRDA:352,18,1,0
BRDA:366,19,0,0
BRDA:366,19,1,0
BRDA:390,20,0,0
BRDA:390,20,1,0
BRDA:395,21,0,0
BRDA:395,21,1,0
BRDA:395,22,0,0
BRDA:395,22,1,0
BRDA:396,23,0,0
BRDA:396,23,1,0
BRDA:399,24,0,0
BRDA:399,24,1,0
BRDA:399,25,0,0
BRDA:399,25,1,0
BRDA:399,26,0,0
BRDA:399,26,1,0
BRDA:403,27,0,0
BRDA:403,27,1,0
BRDA:430,28,0,0
BRDA:430,28,1,0
BRDA:457,29,0,0
BRDA:457,29,1,0
BRDA:481,30,0,0
BRDA:481,30,1,0
BRDA:485,31,0,0
BRDA:485,31,1,0
BRDA:485,32,0,0
BRDA:485,32,1,0
BRDA:487,33,0,0
BRDA:487,33,1,0
BRDA:493,34,0,0
BRDA:493,34,1,0
BRDA:510,35,0,0
BRDA:510,35,1,0
BRDA:517,36,0,0
BRDA:517,36,1,0
BRDA:542,37,0,0
BRDA:542,37,1,0
BRDA:546,38,0,0
BRDA:546,38,1,0
BRDA:546,39,0,0
BRDA:546,39,1,0
BRDA:548,40,0,0
BRDA:548,40,1,0
BRDA:554,41,0,0
BRDA:554,41,1,0
BRDA:571,42,0,0
BRDA:571,42,1,0
BRDA:578,43,0,0
BRDA:578,43,1,0
BRDA:625,44,0,0
BRDA:625,44,1,0
BRDA:625,45,0,0
BRDA:625,45,1,0
BRDA:646,46,0,0
BRDA:646,46,1,0
BRDA:646,47,0,0
BRDA:646,47,1,0
BRDA:667,48,0,0
BRDA:667,48,1,0
BRDA:667,49,0,0
BRDA:667,49,1,0
BRDA:672,50,0,0
BRDA:672,50,1,0
BRDA:674,51,0,0
BRDA:674,51,1,0
BRDA:676,52,0,0
BRDA:676,52,1,0
BRDA:691,53,0,0
BRDA:691,53,1,0
BRDA:693,54,0,0
BRDA:693,54,1,0
BRDA:695,55,0,0
BRDA:695,55,1,0
BRDA:718,56,0,0
BRDA:718,56,1,0
BRDA:722,57,0,0
BRDA:722,57,1,0
BRDA:752,58,0,0
BRDA:785,59,0,0
BRDA:785,59,1,0
BRDA:788,60,0,0
BRDA:788,60,1,0
BRDA:788,61,0,0
BRDA:788,61,1,0
BRF:128
BRH:0
end_of_record
TN:
SF:src/utils/dataCleanup.ts
FN:14,(anonymous_7)
FN:67,(anonymous_8)
FN:83,(anonymous_10)
FN:96,(anonymous_12)
FN:132,(anonymous_14)
FN:208,(anonymous_16)
FN:258,(anonymous_18)
FN:267,(anonymous_19)
FN:270,(anonymous_20)
FN:276,(anonymous_21)
FN:286,(anonymous_22)
FNF:11
FNH:0
FNDA:0,(anonymous_7)
FNDA:0,(anonymous_8)
FNDA:0,(anonymous_10)
FNDA:0,(anonymous_12)
FNDA:0,(anonymous_14)
FNDA:0,(anonymous_16)
FNDA:0,(anonymous_18)
FNDA:0,(anonymous_19)
FNDA:0,(anonymous_20)
FNDA:0,(anonymous_21)
FNDA:0,(anonymous_22)
DA:4,0
DA:15,0
DA:20,0
DA:52,0
DA:68,0
DA:69,0
DA:73,0
DA:75,0
DA:76,0
DA:84,0
DA:85,0
DA:86,0
DA:88,0
DA:89,0
DA:97,0
DA:98,0
DA:99,0
DA:100,0
DA:101,0
DA:104,0
DA:105,0
DA:107,0
DA:108,0
DA:109,0
DA:113,0
DA:116,0
DA:118,0
DA:119,0
DA:121,0
DA:123,0
DA:124,0
DA:125,0
DA:133,0
DA:141,0
DA:142,0
DA:143,0
DA:145,0
DA:147,0
DA:150,0
DA:153,0
DA:154,0
DA:156,0
DA:157,0
DA:159,0
DA:160,0
DA:165,0
DA:167,0
DA:169,0
DA:170,0
DA:171,0
DA:174,0
DA:175,0
DA:176,0
DA:180,0
DA:181,0
DA:182,0
DA:183,0
DA:189,0
DA:190,0
DA:192,0
DA:195,0
DA:196,0
DA:197,0
DA:198,0
DA:199,0
DA:202,0
DA:213,0
DA:214,0
DA:215,0
DA:217,0
DA:220,0
DA:221,0
DA:222,0
DA:223,0
DA:224,0
DA:226,0
DA:227,0
DA:228,0
DA:230,0
DA:236,0
DA:237,0
DA:238,0
DA:239,0
DA:240,0
DA:241,0
DA:243,0
DA:244,0
DA:248,0
DA:259,0
DA:267,0
DA:270,0
DA:274,0
DA:275,0
DA:276,0
DA:277,0
DA:280,0
DA:281,0
DA:282,0
DA:283,0
DA:285,0
DA:286,0
DA:287,0
DA:290,0
DA:293,0
DA:298,0
DA:300,0
LF:106
LH:0
BRDA:86,0,0,0
BRDA:86,0,1,0
BRDA:86,1,0,0
BRDA:86,1,1,0
BRDA:86,2,0,0
BRDA:86,2,1,0
BRDA:99,3,0,0
BRDA:99,3,1,0
BRDA:107,4,0,0
BRDA:107,4,1,0
BRDA:123,5,0,0
BRDA:123,5,1,0
BRDA:156,6,0,0
BRDA:156,6,1,0
BRDA:159,7,0,0
BRDA:159,7,1,0
BRDA:167,8,0,0
BRDA:167,8,1,0
BRDA:182,9,0,0
BRDA:182,9,1,0
BRDA:195,10,0,0
BRDA:195,10,1,0
BRDA:222,11,0,0
BRDA:222,11,1,0
BRDA:226,12,0,0
BRDA:226,12,1,0
BRDA:238,13,0,0
BRDA:238,13,1,0
BRDA:263,14,0,0
BRDA:263,14,1,0
BRDA:274,15,0,0
BRDA:274,15,1,0
BRDA:281,16,0,0
BRDA:281,16,1,0
BRDA:282,17,0,0
BRDA:282,17,1,0
BRDA:287,18,0,0
BRDA:287,18,1,0
BRDA:288,19,0,0
BRDA:288,19,1,0
BRDA:289,20,0,0
BRDA:289,20,1,0
BRF:42
BRH:0
end_of_record
TN:
SF:src/utils/databaseSnapshot.ts
FN:30,(anonymous_8)
FN:65,(anonymous_9)
FN:113,(anonymous_11)
FN:135,(anonymous_13)
FN:148,(anonymous_15)
FN:162,(anonymous_16)
FN:175,(anonymous_18)
FN:188,(anonymous_19)
FN:200,(anonymous_21)
FN:213,(anonymous_22)
FN:259,(anonymous_24)
FN:260,(anonymous_25)
FN:261,(anonymous_26)
FN:302,(anonymous_27)
FN:326,(anonymous_28)
FN:339,(anonymous_29)
FN:353,(anonymous_31)
FN:374,(anonymous_32)
FN:388,(anonymous_34)
FN:402,(anonymous_36)
FN:409,(anonymous_37)
FN:409,(anonymous_38)
FNF:22
FNH:0
FNDA:0,(anonymous_8)
FNDA:0,(anonymous_9)
FNDA:0,(anonymous_11)
FNDA:0,(anonymous_13)
FNDA:0,(anonymous_15)
FNDA:0,(anonymous_16)
FNDA:0,(anonymous_18)
FNDA:0,(anonymous_19)
FNDA:0,(anonymous_21)
FNDA:0,(anonymous_22)
FNDA:0,(anonymous_24)
FNDA:0,(anonymous_25)
FNDA:0,(anonymous_26)
FNDA:0,(anonymous_27)
FNDA:0,(anonymous_28)
FNDA:0,(anonymous_29)
FNDA:0,(anonymous_31)
FNDA:0,(anonymous_32)
FNDA:0,(anonymous_34)
FNDA:0,(anonymous_36)
FNDA:0,(anonymous_37)
FNDA:0,(anonymous_38)
DA:6,0
DA:30,0
DA:31,0
DA:66,0
DA:67,0
DA:69,0
DA:71,0
DA:85,0
DA:86,0
DA:87,0
DA:88,0
DA:90,0
DA:91,0
DA:93,0
DA:104,0
DA:105,0
DA:107,0
DA:114,0
DA:117,0
DA:118,0
DA:121,0
DA:123,0
DA:136,0
DA:137,0
DA:138,0
DA:139,0
DA:141,0
DA:149,0
DA:150,0
DA:151,0
DA:152,0
DA:153,0
DA:154,0
DA:156,0
DA:163,0
DA:164,0
DA:165,0
DA:167,0
DA:168,0
DA:170,0
DA:173,0
DA:175,0
DA:178,0
DA:179,0
DA:181,0
DA:189,0
DA:190,0
DA:191,0
DA:193,0
DA:194,0
DA:195,0
DA:198,0
DA:200,0
DA:203,0
DA:205,0
DA:206,0
DA:214,0
DA:215,0
DA:216,0
DA:218,0
DA:221,0
DA:222,0
DA:223,0
DA:225,0
DA:226,0
DA:231,0
DA:234,0
DA:235,0
DA:236,0
DA:237,0
DA:246,0
DA:260,0
DA:261,0
DA:263,0
DA:270,0
DA:271,0
DA:272,0
DA:277,0
DA:278,0
DA:279,0
DA:284,0
DA:285,0
DA:286,0
DA:287,0
DA:296,0
DA:303,0
DA:304,0
DA:306,0
DA:307,0
DA:308,0
DA:310,0
DA:311,0
DA:320,0
DA:327,0
DA:328,0
DA:330,0
DA:331,0
DA:333,0
DA:340,0
DA:341,0
DA:342,0
DA:344,0
DA:345,0
DA:347,0
DA:350,0
DA:353,0
DA:363,0
DA:364,0
DA:366,0
DA:367,0
DA:375,0
DA:376,0
DA:377,0
DA:378,0
DA:380,0
DA:381,0
DA:389,0
DA:390,0
DA:391,0
DA:392,0
DA:394,0
DA:395,0
DA:403,0
DA:409,0
DA:410,0
DA:411,0
DA:412,0
DA:414,0
DA:415,0
DA:417,0
DA:418,0
DA:420,0
DA:422,0
DA:423,0
DA:424,0
DA:425,0
DA:427,0
DA:428,0
DA:429,0
DA:434,0
DA:436,0
LF:141
LH:0
BRDA:79,0,0,0
BRDA:79,0,1,0
BRDA:90,1,0,0
BRDA:90,1,1,0
BRDA:139,2,0,0
BRDA:139,2,1,0
BRDA:139,3,0,0
BRDA:139,3,1,0
BRDA:139,4,0,0
BRDA:139,4,1,0
BRDA:225,5,0,0
BRDA:225,5,1,0
BRDA:225,6,0,0
BRDA:225,6,1,0
BRDA:235,7,0,0
BRDA:235,7,1,0
BRDA:235,8,0,0
BRDA:235,8,1,0
BRDA:235,8,2,0
BRDA:271,9,0,0
BRDA:271,9,1,0
BRDA:278,10,0,0
BRDA:278,10,1,0
BRDA:286,11,0,0
BRDA:286,11,1,0
BRDA:286,12,0,0
BRDA:286,12,1,0
BRDA:310,13,0,0
BRDA:310,13,1,0
BRDA:327,14,0,0
BRDA:327,14,1,0
BRDA:327,15,0,0
BRDA:327,15,1,0
BRDA:330,16,0,0
BRDA:330,16,1,0
BRDA:330,17,0,0
BRDA:330,17,1,0
BRDA:366,18,0,0
BRDA:366,18,1,0
BRDA:378,19,0,0
BRDA:378,19,1,0
BRDA:378,20,0,0
BRDA:378,20,1,0
BRDA:378,21,0,0
BRDA:378,21,1,0
BRDA:409,22,0,0
BRDA:423,23,0,0
BRDA:423,23,1,0
BRDA:427,24,0,0
BRDA:427,24,1,0
BRF:50
BRH:0
end_of_record
TN:
SF:src/utils/errors.ts
FN:10,(anonymous_7)
FN:31,(anonymous_8)
FN:45,(anonymous_9)
FN:52,(anonymous_10)
FN:62,(anonymous_11)
FN:72,(anonymous_12)
FN:79,(anonymous_13)
FN:86,(anonymous_14)
FN:93,(anonymous_15)
FN:100,(anonymous_16)
FN:107,(anonymous_17)
FN:114,(anonymous_18)
FN:122,(anonymous_19)
FN:127,(anonymous_20)
FN:132,(anonymous_21)
FN:151,(anonymous_22)
FN:152,(anonymous_23)
FN:171,(anonymous_24)
FN:179,(anonymous_25)
FNF:19
FNH:0
FNDA:0,(anonymous_7)
FNDA:0,(anonymous_8)
FNDA:0,(anonymous_9)
FNDA:0,(anonymous_10)
FNDA:0,(anonymous_11)
FNDA:0,(anonymous_12)
FNDA:0,(anonymous_13)
FNDA:0,(anonymous_14)
FNDA:0,(anonymous_15)
FNDA:0,(anonymous_16)
FNDA:0,(anonymous_17)
FNDA:0,(anonymous_18)
FNDA:0,(anonymous_19)
FNDA:0,(anonymous_20)
FNDA:0,(anonymous_21)
FNDA:0,(anonymous_22)
FNDA:0,(anonymous_23)
FNDA:0,(anonymous_24)
FNDA:0,(anonymous_25)
DA:4,1
DA:17,0
DA:18,0
DA:19,0
DA:20,0
DA:21,0
DA:22,0
DA:25,0
DA:26,0
DA:32,0
DA:44,1
DA:46,0
DA:51,1
DA:53,0
DA:56,0
DA:61,1
DA:63,0
DA:66,0
DA:71,1
DA:73,0
DA:78,1
DA:80,0
DA:85,1
DA:87,0
DA:92,1
DA:94,0
DA:99,1
DA:101,0
DA:106,1
DA:108,0
DA:113,1
DA:115,0
DA:120,1
DA:123,0
DA:128,0
DA:133,0
DA:134,0
DA:137,0
DA:138,0
DA:144,0
DA:152,0
DA:158,0
DA:159,0
DA:160,0
DA:162,0
DA:165,0
DA:167,0
DA:171,0
DA:175,0
DA:183,0
DA:184,0
DA:186,0
DA:187,0
DA:193,1
DA:208,1
LF:55
LH:14
BRDA:14,0,0,0
BRDA:25,1,0,0
BRDA:25,1,1,0
BRDA:53,2,0,0
BRDA:53,2,1,0
BRDA:63,3,0,0
BRDA:63,3,1,0
BRDA:107,4,0,0
BRDA:114,5,0,0
BRDA:128,6,0,0
BRDA:128,6,1,0
BRDA:132,7,0,0
BRDA:133,8,0,0
BRDA:133,8,1,0
BRDA:137,9,0,0
BRDA:137,9,1,0
BRDA:139,10,0,0
BRDA:139,10,1,0
BRDA:145,11,0,0
BRDA:145,11,1,0
BRDA:153,12,0,0
BRDA:154,13,0,0
BRDA:162,14,0,0
BRDA:162,14,1,0
BRDA:165,15,0,0
BRDA:165,15,1,0
BRDA:165,16,0,0
BRDA:165,16,1,0
BRDA:165,16,2,0
BRF:29
BRH:0
end_of_record
TN:
SF:src/utils/formatters.ts
FN:28,(anonymous_0)
FN:32,(anonymous_1)
FN:36,(anonymous_2)
FN:40,(anonymous_3)
FN:57,(anonymous_4)
FN:62,(anonymous_5)
FN:66,(anonymous_6)
FN:67,(anonymous_7)
FN:71,(anonymous_8)
FN:76,(anonymous_9)
FN:78,(anonymous_10)
FN:83,(anonymous_11)
FN:88,(anonymous_12)
FNF:13
FNH:0
FNDA:0,(anonymous_0)
FNDA:0,(anonymous_1)
FNDA:0,(anonymous_2)
FNDA:0,(anonymous_3)
FNDA:0,(anonymous_4)
FNDA:0,(anonymous_5)
FNDA:0,(anonymous_6)
FNDA:0,(anonymous_7)
FNDA:0,(anonymous_8)
FNDA:0,(anonymous_9)
FNDA:0,(anonymous_10)
FNDA:0,(anonymous_11)
FNDA:0,(anonymous_12)
DA:4,0
DA:12,0
DA:15,0
DA:22,0
DA:28,0
DA:29,0
DA:32,0
DA:33,0
DA:36,0
DA:37,0
DA:40,0
DA:41,0
DA:42,0
DA:46,0
DA:57,0
DA:58,0
DA:62,0
DA:63,0
DA:66,0
DA:67,0
DA:71,0
DA:76,0
DA:77,0
DA:78,0
DA:83,0
DA:87,0
DA:88,0
DA:89,0
DA:90,0
DA:91,0
DA:92,0
LF:31
LH:0
BRDA:41,0,0,0
BRDA:41,0,1,0
BRDA:63,1,0,0
BRDA:63,1,1,0
BRDA:90,2,0,0
BRDA:90,2,1,0
BRF:6
BRH:0
end_of_record
TN:
SF:src/utils/globalErrorHandler.ts
FN:42,(anonymous_0)
FN:62,(anonymous_1)
FN:69,(anonymous_2)
FN:72,(anonymous_3)
FN:89,(anonymous_4)
FN:109,(anonymous_5)
FN:110,(anonymous_6)
FN:134,(anonymous_7)
FN:135,(anonymous_8)
FN:156,(anonymous_9)
FN:158,(anonymous_10)
FN:168,(anonymous_11)
FN:184,(anonymous_12)
FN:202,(anonymous_13)
FN:215,(anonymous_14)
FN:216,(anonymous_15)
FN:240,(anonymous_16)
FN:263,(anonymous_17)
FN:311,(anonymous_18)
FN:326,(anonymous_19)
FN:359,(anonymous_20)
FN:378,(anonymous_21)
FN:389,(anonymous_22)
FN:400,(anonymous_23)
FN:423,(anonymous_24)
FN:429,(anonymous_25)
FN:454,(anonymous_26)
FN:465,(anonymous_27)
FNF:28
FNH:0
FNDA:0,(anonymous_0)
FNDA:0,(anonymous_1)
FNDA:0,(anonymous_2)
FNDA:0,(anonymous_3)
FNDA:0,(anonymous_4)
FNDA:0,(anonymous_5)
FNDA:0,(anonymous_6)
FNDA:0,(anonymous_7)
FNDA:0,(anonymous_8)
FNDA:0,(anonymous_9)
FNDA:0,(anonymous_10)
FNDA:0,(anonymous_11)
FNDA:0,(anonymous_12)
FNDA:0,(anonymous_13)
FNDA:0,(anonymous_14)
FNDA:0,(anonymous_15)
FNDA:0,(anonymous_16)
FNDA:0,(anonymous_17)
FNDA:0,(anonymous_18)
FNDA:0,(anonymous_19)
FNDA:0,(anonymous_20)
FNDA:0,(anonymous_21)
FNDA:0,(anonymous_22)
FNDA:0,(anonymous_23)
FNDA:0,(anonymous_24)
FNDA:0,(anonymous_25)
FNDA:0,(anonymous_26)
FNDA:0,(anonymous_27)
DA:6,0
DA:34,0
DA:35,0
DA:37,0
DA:40,0
DA:43,0
DA:52,0
DA:53,0
DA:54,0
DA:56,0
DA:63,0
DA:70,0
DA:71,0
DA:72,0
DA:73,0
DA:74,0
DA:75,0
DA:77,0
DA:79,0
DA:82,0
DA:90,0
DA:91,0
DA:94,0
DA:95,0
DA:98,0
DA:99,0
DA:103,0
DA:110,0
DA:111,0
DA:126,0
DA:127,0
DA:135,0
DA:136,0
DA:148,0
DA:158,0
DA:160,0
DA:161,0
DA:162,0
DA:165,0
DA:166,0
DA:168,0
DA:169,0
DA:172,0
DA:184,0
DA:185,0
DA:186,0
DA:189,0
DA:192,0
DA:194,0
DA:198,0
DA:202,0
DA:205,0
DA:216,0
DA:217,0
DA:219,0
DA:220,0
DA:232,0
DA:241,0
DA:242,0
DA:245,0
[...]
BRDA:473,23,0,0
BRDA:473,23,1,0
BRDA:474,24,0,0
BRDA:474,24,1,0
BRDA:486,25,0,0
BRDA:486,25,1,0
BRDA:486,26,0,0
BRDA:486,26,1,0
BRDA:527,27,0,0
BRDA:527,27,1,0
BRDA:528,28,0,0
BRDA:528,28,1,0
BRDA:529,29,0,0
BRDA:529,29,1,0
BRDA:547,30,0,0
BRDA:547,30,1,0
BRDA:548,31,0,0
BRDA:548,31,1,0
BRDA:549,32,0,0
BRDA:549,32,1,0
BRDA:565,33,0,0
BRDA:565,33,1,0
BRDA:566,34,0,0
BRDA:566,34,1,0
BRDA:567,35,0,0
BRDA:567,35,1,0
BRDA:584,36,0,0
BRDA:584,36,1,0
BRDA:585,37,0,0
BRDA:585,37,1,0
BRDA:594,38,0,0
BRDA:594,38,1,0
BRDA:606,39,0,0
BRDA:606,39,1,0
BRDA:607,40,0,0
BRDA:607,40,1,0
BRDA:620,41,0,0
BRDA:620,41,1,0
BRDA:621,42,0,0
BRDA:621,42,1,0
BRDA:634,43,0,0
BRDA:634,43,1,0
BRDA:637,44,0,0
BRDA:637,44,1,0
BRF:89
BRH:0
end_of_record
TN:
SF:src/utils/themeSystemTest.ts
FN:37,(anonymous_7)
FN:51,(anonymous_9)
FN:64,(anonymous_11)
FN:97,(anonymous_12)
FN:110,(anonymous_13)
FN:115,(anonymous_14)
FN:137,(anonymous_15)
FN:141,(anonymous_16)
FN:142,(anonymous_17)
FN:150,(anonymous_18)
FN:156,(anonymous_19)
FN:164,(anonymous_20)
FN:177,(anonymous_21)
FN:193,(anonymous_23)
FN:199,(anonymous_24)
FN:205,(anonymous_25)
FNF:16
FNH:0
FNDA:0,(anonymous_7)
FNDA:0,(anonymous_9)
FNDA:0,(anonymous_11)
FNDA:0,(anonymous_12)
FNDA:0,(anonymous_13)
FNDA:0,(anonymous_14)
FNDA:0,(anonymous_15)
FNDA:0,(anonymous_16)
FNDA:0,(anonymous_17)
FNDA:0,(anonymous_18)
FNDA:0,(anonymous_19)
FNDA:0,(anonymous_20)
FNDA:0,(anonymous_21)
FNDA:0,(anonymous_23)
FNDA:0,(anonymous_24)
FNDA:0,(anonymous_25)
DA:13,0
DA:14,0
DA:27,0
DA:38,0
DA:40,0
DA:41,0
DA:42,0
DA:45,0
DA:52,0
DA:59,0
DA:61,0
DA:64,0
DA:67,0
DA:69,0
DA:70,0
DA:72,0
DA:73,0
DA:74,0
DA:75,0
DA:76,0
DA:81,0
DA:82,0
DA:83,0
DA:87,0
DA:88,0
DA:91,0
DA:98,0
DA:107,0
DA:108,0
DA:110,0
DA:111,0
DA:112,0
DA:115,0
DA:116,0
DA:117,0
DA:122,0
DA:123,0
DA:124,0
DA:126,0
DA:127,0
DA:131,0
DA:138,0
DA:140,0
DA:141,0
DA:142,0
DA:144,0
DA:145,0
DA:146,0
DA:147,0
DA:148,0
DA:150,0
DA:151,0
DA:152,0
DA:154,0
DA:155,0
DA:156,0
DA:157,0
DA:159,0
DA:162,0
DA:163,0
DA:164,0
DA:165,0
DA:167,0
DA:171,0
DA:178,0
DA:181,0
DA:184,0
DA:187,0
DA:189,0
DA:191,0
DA:192,0
DA:193,0
DA:194,0
DA:195,0
DA:199,0
DA:200,0
DA:205,0
LF:77
LH:0
BRDA:72,0,0,0
BRDA:72,0,1,0
BRDA:75,1,0,0
BRDA:75,1,1,0
BRDA:75,2,0,0
BRDA:75,2,1,0
BRDA:82,3,0,0
BRDA:82,3,1,0
BRDA:82,4,0,0
BRDA:82,4,1,0
BRDA:116,5,0,0
BRDA:116,5,1,0
BRDA:116,6,0,0
BRDA:116,6,1,0
BRDA:123,7,0,0
BRDA:123,7,1,0
BRDA:123,8,0,0
BRDA:123,8,1,0
BRDA:126,9,0,0
BRDA:126,9,1,0
BRDA:126,10,0,0
BRDA:126,10,1,0
BRDA:152,11,0,0
BRDA:152,11,1,0
BRDA:154,12,0,0
BRDA:154,12,1,0
BRDA:162,13,0,0
BRDA:162,13,1,0
BRDA:191,14,0,0
BRDA:191,14,1,0
BRDA:194,15,0,0
BRDA:194,15,1,0
BRDA:199,16,0,0
BRDA:199,16,1,0
BRDA:200,17,0,0
BRDA:200,17,1,0
BRF:36
BRH:0
end_of_record
TN:
SF:src/utils/timeSlotHelper.ts
FN:27,(anonymous_0)
FN:66,(anonymous_1)
FN:76,(anonymous_2)
FN:95,(anonymous_3)
FN:113,(anonymous_4)
FN:176,(anonymous_5)
FN:185,(anonymous_6)
FN:194,(anonymous_7)
FN:204,(anonymous_8)
FN:223,(anonymous_9)
FN:232,(anonymous_10)
FN:250,(anonymous_11)
FN:260,(anonymous_12)
FNF:13
FNH:0
FNDA:0,(anonymous_0)
FNDA:0,(anonymous_1)
FNDA:0,(anonymous_2)
FNDA:0,(anonymous_3)
FNDA:0,(anonymous_4)
FNDA:0,(anonymous_5)
FNDA:0,(anonymous_6)
FNDA:0,(anonymous_7)
FNDA:0,(anonymous_8)
FNDA:0,(anonymous_9)
FNDA:0,(anonymous_10)
FNDA:0,(anonymous_11)
FNDA:0,(anonymous_12)
DA:5,0
DA:10,0
DA:19,0
DA:28,0
DA:29,0
DA:30,0
DA:33,0
DA:34,0
DA:35,0
DA:36,0
DA:37,0
DA:38,0
DA:40,0
DA:45,0
DA:46,0
DA:47,0
DA:48,0
DA:51,0
DA:54,0
DA:67,0
DA:68,0
DA:77,0
DA:79,0
DA:81,0
DA:83,0
DA:85,0
DA:96,0
DA:98,0
DA:100,0
DA:102,0
DA:104,0
DA:114,0
DA:116,0
DA:118,0
DA:120,0
DA:121,0
DA:123,0
DA:124,0
DA:126,0
DA:127,0
DA:129,0
DA:130,0
DA:132,0
DA:133,0
DA:135,0
DA:136,0
DA:140,0
DA:141,0
DA:142,0
DA:143,0
DA:144,0
DA:145,0
DA:147,0
DA:148,0
DA:150,0
DA:151,0
DA:155,0
DA:156,0
DA:158,0
DA:159,0
DA:163,0
DA:166,0
DA:177,0
DA:186,0
DA:195,0
DA:205,0
DA:206,0
DA:208,0
DA:209,0
DA:210,0
DA:213,0
DA:224,0
DA:233,0
DA:235,0
DA:237,0
DA:239,0
DA:241,0
DA:251,0
DA:261,0
DA:262,0
DA:269,0
LF:81
LH:0
BRDA:27,0,0,0
BRDA:45,1,0,0
BRDA:45,1,1,0
BRDA:45,2,0,0
BRDA:45,2,1,0
BRDA:47,3,0,0
BRDA:47,3,1,0
BRDA:47,4,0,0
BRDA:47,4,1,0
BRDA:77,5,0,0
BRDA:77,5,1,0
BRDA:77,5,2,0
BRDA:77,5,3,0
BRDA:95,6,0,0
BRDA:96,7,0,0
BRDA:96,7,1,0
BRDA:96,7,2,0
BRDA:96,7,3,0
BRDA:120,8,0,0
BRDA:120,8,1,0
BRDA:123,9,0,0
BRDA:123,9,1,0
BRDA:126,10,0,0
BRDA:126,10,1,0
BRDA:129,11,0,0
BRDA:129,11,1,0
BRDA:132,12,0,0
BRDA:132,12,1,0
BRDA:135,13,0,0
BRDA:135,13,1,0
BRDA:147,14,0,0
BRDA:147,14,1,0
BRDA:150,15,0,0
BRDA:150,15,1,0
BRDA:155,16,0,0
BRDA:155,16,1,0
BRDA:158,17,0,0
BRDA:158,17,1,0
BRDA:224,18,0,0
BRDA:224,18,1,0
BRDA:233,19,0,0
BRDA:233,19,1,0
BRDA:233,19,2,0
BRDA:233,19,3,0
BRDA:250,20,0,0
BRF:45
BRH:0
end_of_record
TN:
SF:src/utils/unitConversionHelper.ts
FN:16,(anonymous_7)
FN:17,(anonymous_8)
FN:41,(anonymous_9)
FN:57,(anonymous_11)
FN:73,(anonymous_13)
FN:89,(anonymous_15)
FN:104,(anonymous_17)
FN:109,(anonymous_19)
FN:124,(anonymous_20)
FN:144,(anonymous_22)
FN:166,(anonymous_24)
FNF:11
FNH:0
FNDA:0,(anonymous_7)
FNDA:0,(anonymous_8)
FNDA:0,(anonymous_9)
FNDA:0,(anonymous_11)
FNDA:0,(anonymous_13)
FNDA:0,(anonymous_15)
FNDA:0,(anonymous_17)
FNDA:0,(anonymous_19)
FNDA:0,(anonymous_20)
FNDA:0,(anonymous_22)
FNDA:0,(anonymous_24)
DA:1,0
DA:6,0
DA:17,0
DA:21,0
DA:22,0
DA:23,0
DA:24,0
DA:28,0
DA:30,0
DA:31,0
DA:42,0
DA:44,0
DA:46,0
DA:47,0
DA:58,0
DA:60,0
DA:62,0
DA:63,0
DA:74,0
DA:76,0
DA:78,0
DA:79,0
DA:90,0
DA:92,0
DA:94,0
DA:95,0
DA:105,0
DA:106,0
DA:107,0
DA:108,0
DA:109,0
DA:110,0
DA:112,0
DA:114,0
DA:115,0
DA:125,0
DA:126,0
DA:127,0
DA:128,0
DA:130,0
DA:132,0
DA:134,0
DA:135,0
DA:145,0
DA:146,0
DA:147,0
DA:148,0
DA:150,0
DA:152,0
DA:154,0
DA:155,0
DA:167,0
DA:168,0
DA:170,0
DA:171,0
DA:173,0
DA:174,0
DA:176,0
DA:181,0
LF:59
LH:0
BRDA:19,0,0,0
BRDA:23,1,0,0
BRDA:23,1,1,0
BRDA:108,2,0,0
BRDA:108,2,1,0
BRDA:109,3,0,0
BRDA:109,3,1,0
BRDA:109,4,0,0
BRDA:109,4,1,0
BRDA:110,5,0,0
BRDA:110,5,1,0
BRDA:110,6,0,0
BRDA:110,6,1,0
BRDA:110,7,0,0
BRDA:110,7,1,0
BRDA:128,8,0,0
BRDA:128,8,1,0
BRDA:128,9,0,0
BRDA:128,9,1,0
BRDA:148,10,0,0
BRDA:148,10,1,0
BRDA:148,11,0,0
BRDA:148,11,1,0
BRDA:148,11,2,0
BRDA:167,12,0,0
BRDA:167,12,1,0
BRDA:167,13,0,0
BRDA:167,13,1,0
BRDA:170,14,0,0
BRDA:170,14,1,0
BRDA:173,15,0,0
BRDA:173,15,1,0
BRF:32
BRH:0
end_of_record
TN:
SF:src/utils/userActionLogger.ts
FN:8,(anonymous_0)
FN:47,(anonymous_1)
FN:108,(anonymous_2)
FN:126,(anonymous_3)
FN:133,(anonymous_4)
FN:139,(anonymous_5)
FN:153,(anonymous_6)
FN:166,(anonymous_7)
FN:171,(anonymous_8)
FN:176,(anonymous_9)
FN:181,(anonymous_10)
FN:197,(anonymous_11)
FN:227,(anonymous_12)
FN:251,(anonymous_13)
FN:280,(anonymous_14)
FN:298,(anonymous_15)
FN:329,(anonymous_16)
FN:361,(anonymous_17)
FN:376,(anonymous_18)
FN:389,(anonymous_19)
FN:402,(anonymous_20)
FN:414,(anonymous_21)
FN:471,(anonymous_22)
FN:487,(anonymous_23)
FN:517,(anonymous_24)
FN:549,(anonymous_25)
FN:566,(anonymous_26)
FN:585,(anonymous_27)
FN:609,(anonymous_28)
FN:631,(anonymous_29)
FN:650,(anonymous_30)
FN:659,(anonymous_31)
FN:679,(anonymous_32)
FN:680,(anonymous_33)
FN:686,(anonymous_34)
FN:700,(anonymous_35)
FN:713,(anonymous_36)
FN:741,(anonymous_37)
FN:754,(anonymous_38)
FNF:39
FNH:0
FNDA:0,(anonymous_0)
FNDA:0,(anonymous_1)
FNDA:0,(anonymous_2)
FNDA:0,(anonymous_3)
FNDA:0,(anonymous_4)
FNDA:0,(anonymous_5)
FNDA:0,(anonymous_6)
FNDA:0,(anonymous_7)
FNDA:0,(anonymous_8)
FNDA:0,(anonymous_9)
FNDA:0,(anonymous_10)
FNDA:0,(anonymous_11)
FNDA:0,(anonymous_12)
FNDA:0,(anonymous_13)
FNDA:0,(anonymous_14)
FNDA:0,(anonymous_15)
FNDA:0,(anonymous_16)
FNDA:0,(anonymous_17)
FNDA:0,(anonymous_18)
FNDA:0,(anonymous_19)
FNDA:0,(anonymous_20)
FNDA:0,(anonymous_21)
FNDA:0,(anonymous_22)
FNDA:0,(anonymous_23)
FNDA:0,(anonymous_24)
FNDA:0,(anonymous_25)
FNDA:0,(anonymous_26)
FNDA:0,(anonymous_27)
FNDA:0,(anonymous_28)
FNDA:0,(anonymous_29)
FNDA:0,(anonymous_30)
FNDA:0,(anonymous_31)
FNDA:0,(anonymous_32)
FNDA:0,(anonymous_33)
FNDA:0,(anonymous_34)
FNDA:0,(anonymous_35)
FNDA:0,(anonymous_36)
FNDA:0,(anonymous_37)
FNDA:0,(anonymous_38)
DA:6,0
DA:8,0
DA:10,0
DA:11,0
DA:14,0
DA:15,0
DA:18,0
DA:19,0
DA:20,0
DA:21,0
DA:22,0
DA:23,0
DA:24,0
DA:27,0
DA:28,0
DA:29,0
DA:30,0
DA:31,0
DA:32,0
DA:35,0
DA:36,0
DA:39,0
DA:40,0
DA:43,0
DA:44,0
DA:47,0
DA:49,0
DA:50,0
DA:51,0
DA:52,0
DA:53,0
DA:54,0
DA:55,0
DA:56,0
DA:59,0
DA:60,0
DA:61,0
DA:62,0
DA:63,0
DA:64,0
DA:67,0
DA:68,0
DA:69,0
DA:70,0
DA:71,0
DA:102,0
DA:104,0
DA:105,0
DA:106,0
DA:109,0
DA:119,0
DA:120,0
DA:127,0
DA:134,0
DA:135,0
DA:139,0
DA:140,0
DA:153,0
DA:154,0
DA:166,0
DA:167,0
DA:171,0
DA:172,0
DA:176,0
DA:177,0
DA:181,0
DA:182,0
DA:198,0
DA:199,0
DA:202,0
DA:203,0
DA:204,0
DA:205,0
DA:207,0
DA:208,0
DA:210,0
DA:228,0
DA:229,0
DA:231,0
DA:232,0
DA:234,0
DA:253,0
DA:258,0
DA:259,0
DA:261,0
DA:262,0
DA:281,0
DA:283,0
DA:284,0
DA:285,0
DA:286,0
DA:287,0
DA:288,0
DA:289,0
DA:290,0
DA:292,0
DA:300,0
DA:301,0
DA:303,0
DA:304,0
DA:307,0
DA:308,0
DA:311,0
DA:312,0
DA:315,0
DA:316,0
DA:319,0
DA:320,0
DA:323,0
DA:335,0
DA:336,0
DA:337,0
DA:339,0
DA:342,0
DA:343,0
DA:344,0
DA:345,0
DA:346,0
DA:347,0
DA:350,0
DA:362,0
DA:365,0
DA:366,0
DA:370,0
DA:371,0
DA:375,0
DA:376,0
DA:377,0
DA:379,0
DA:380,0
DA:385,0
DA:386,0
DA:388,0
DA:389,0
DA:390,0
DA:392,0
DA:393,0
DA:396,0
DA:403,0
DA:404,0
DA:405,0
DA:406,0
DA:407,0
DA:408,0
DA:424,0
DA:425,0
DA:429,0
DA:432,0
DA:433,0
DA:437,0
DA:438,0
DA:456,0
DA:457,0
DA:461,0
DA:464,0
DA:465,0
DA:478,0
DA:492,0
DA:493,0
DA:495,0
DA:497,0
DA:511,0
DA:527,0
DA:528,0
DA:531,0
DA:550,0
DA:570,0
DA:586,0
DA:593,0
DA:598,0
DA:599,0
DA:600,0
DA:603,0
DA:610,0
DA:611,0
DA:613,0
DA:615,0
DA:616,0
DA:618,0
DA:619,0
DA:621,0
DA:622,0
DA:624,0
DA:632,0
DA:633,0
DA:636,0
DA:637,0
DA:640,0
DA:641,0
DA:644,0
DA:651,0
DA:652,0
DA:653,0
DA:660,0
DA:661,0
DA:663,0
DA:665,0
DA:666,0
DA:668,0
DA:680,0
DA:687,0
DA:688,0
DA:690,0
DA:701,0
DA:703,0
DA:721,0
DA:722,0
DA:724,0
DA:725,0
DA:728,0
DA:742,0
DA:743,0
DA:745,0
DA:755,0
DA:760,0
DA:768,0
DA:771,0
DA:773,0
DA:776,0
LF:219
LH:0
BRDA:8,0,0,0
BRDA:8,0,1,0
BRDA:47,1,0,0
BRDA:47,1,1,0
BRDA:134,2,0,0
BRDA:134,2,1,0
BRDA:134,3,0,0
BRDA:134,3,1,0
BRDA:199,4,0,0
BRDA:199,4,1,0
BRDA:202,5,0,0
BRDA:202,5,1,0
BRDA:207,6,0,0
BRDA:207,6,1,0
BRDA:207,7,0,0
BRDA:207,7,1,0
BRDA:207,7,2,0
BRDA:207,7,3,0
BRDA:229,8,0,0
BRDA:229,8,1,0
BRDA:238,9,0,0
BRDA:238,9,1,0
BRDA:238,9,2,0
BRDA:258,10,0,0
BRDA:258,10,1,0
BRDA:261,11,0,0
BRDA:261,11,1,0
BRDA:261,12,0,0
BRDA:261,12,1,0
BRDA:283,13,0,0
BRDA:283,13,1,0
BRDA:284,14,0,0
BRDA:284,14,1,0
BRDA:285,15,0,0
BRDA:285,15,1,0
BRDA:286,16,0,0
BRDA:286,16,1,0
BRDA:287,17,0,0
BRDA:287,17,1,0
BRDA:288,18,0,0
BRDA:288,18,1,0
BRDA:289,19,0,0
BRDA:289,19,1,0
BRDA:290,20,0,0
BRDA:290,20,1,0
BRDA:303,21,0,0
BRDA:303,21,1,0
BRDA:307,22,0,0
BRDA:307,22,1,0
BRDA:307,23,0,0
BRDA:307,23,1,0
BRDA:311,24,0,0
BRDA:311,24,1,0
BRDA:311,25,0,0
BRDA:311,25,1,0
BRDA:315,26,0,0
BRDA:315,26,1,0
BRDA:315,27,0,0
BRDA:315,27,1,0
BRDA:319,28,0,0
BRDA:319,28,1,0
BRDA:319,29,0,0
BRDA:319,29,1,0
BRDA:336,30,0,0
BRDA:336,30,1,0
BRDA:336,30,2,0
BRDA:339,31,0,0
BRDA:339,31,1,0
BRDA:339,31,2,0
BRDA:342,32,0,0
BRDA:342,32,1,0
BRDA:343,33,0,0
BRDA:343,33,1,0
BRDA:344,34,0,0
BRDA:344,34,1,0
BRDA:345,35,0,0
BRDA:345,35,1,0
BRDA:346,36,0,0
BRDA:346,36,1,0
BRDA:347,37,0,0
BRDA:347,37,1,0
BRDA:362,38,0,0
BRDA:362,38,1,0
BRDA:365,39,0,0
BRDA:365,39,1,0
BRDA:370,40,0,0
BRDA:370,40,1,0
BRDA:375,41,0,0
BRDA:375,41,1,0
BRDA:377,42,0,0
BRDA:377,42,1,0
BRDA:377,42,2,0
BRDA:379,43,0,0
BRDA:379,43,1,0
BRDA:388,44,0,0
BRDA:388,44,1,0
BRDA:404,45,0,0
BRDA:404,45,1,0
BRDA:405,46,0,0
BRDA:405,46,1,0
BRDA:406,47,0,0
BRDA:406,47,1,0
BRDA:424,48,0,0
BRDA:424,48,1,0
BRDA:432,49,0,0
BRDA:432,49,1,0
BRDA:456,50,0,0
BRDA:456,50,1,0
BRDA:456,51,0,0
BRDA:456,51,1,0
BRDA:493,52,0,0
BRDA:493,52,1,0
BRDA:503,53,0,0
BRDA:503,53,1,0
BRDA:503,54,0,0
BRDA:503,54,1,0
BRDA:504,55,0,0
BRDA:504,55,1,0
BRDA:504,56,0,0
BRDA:504,56,1,0
BRDA:507,57,0,0
BRDA:507,57,1,0
BRDA:507,58,0,0
BRDA:507,58,1,0
BRDA:527,59,0,0
BRDA:527,59,1,0
BRDA:535,60,0,0
BRDA:535,60,1,0
BRDA:535,61,0,0
BRDA:535,61,1,0
BRDA:549,62,0,0
BRDA:576,63,0,0
BRDA:576,63,1,0
BRDA:576,64,0,0
BRDA:576,64,1,0
BRDA:577,65,0,0
BRDA:577,65,1,0
BRDA:577,66,0,0
BRDA:577,66,1,0
BRDA:600,67,0,0
BRDA:600,67,1,0
BRDA:600,67,2,0
BRDA:603,68,0,0
BRDA:603,68,1,0
BRDA:603,68,2,0
BRDA:613,69,0,0
BRDA:613,69,1,0
BRDA:613,69,2,0
BRDA:613,69,3,0
BRDA:632,70,0,0
BRDA:632,70,1,0
BRDA:632,71,0,0
BRDA:632,71,1,0
BRDA:636,72,0,0
BRDA:636,72,1,0
BRDA:640,73,0,0
BRDA:640,73,1,0
BRDA:652,74,0,0
BRDA:652,74,1,0
BRDA:663,75,0,0
BRDA:663,75,1,0
BRDA:771,76,0,0
BRDA:771,76,1,0
BRF:163
BRH:0
end_of_record
TN:
SF:src/utils/workflowVerifier.ts
FN:53,(anonymous_7)
FN:60,(anonymous_8)
FN:109,(anonymous_10)
FN:137,(anonymous_11)
FN:202,(anonymous_13)
FN:207,(anonymous_14)
FN:225,(anonymous_15)
FN:253,(anonymous_16)
FN:323,(anonymous_18)
FN:333,(anonymous_19)
FN:400,(anonymous_21)
FN:431,(anonymous_23)
FN:439,(anonymous_24)
FN:446,(anonymous_26)
FN:456,(anonymous_27)
FN:466,(anonymous_28)
FN:481,(anonymous_29)
FN:488,(anonymous_31)
FN:498,(anonymous_32)
FN:508,(anonymous_33)
FN:523,(anonymous_34)
FN:530,(anonymous_36)
FN:531,(anonymous_37)
FN:547,(anonymous_38)
FN:554,(anonymous_40)
FN:558,(anonymous_41)
FN:574,(anonymous_42)
FN:582,(anonymous_43)
FN:589,(anonymous_44)
FN:596,(anonymous_45)
FN:603,(anonymous_46)
FN:610,(anonymous_47)
FN:621,(anonymous_48)
FN:628,(anonymous_49)
FN:635,(anonymous_50)
FN:642,(anonymous_51)
FN:649,(anonymous_52)
FN:656,(anonymous_53)
FN:667,(anonymous_54)
FN:674,(anonymous_55)
FN:681,(anonymous_56)
FN:692,(anonymous_57)
FN:699,(anonymous_58)
FN:706,(anonymous_59)
FN:713,(anonymous_60)
FNF:45
FNH:0
FNDA:0,(anonymous_7)
FNDA:0,(anonymous_8)
FNDA:0,(anonymous_10)
FNDA:0,(anonymous_11)
FNDA:0,(anonymous_13)
FNDA:0,(anonymous_14)
FNDA:0,(anonymous_15)
FNDA:0,(anonymous_16)
FNDA:0,(anonymous_18)
FNDA:0,(anonymous_19)
FNDA:0,(anonymous_21)
FNDA:0,(anonymous_23)
FNDA:0,(anonymous_24)
FNDA:0,(anonymous_26)
FNDA:0,(anonymous_27)
FNDA:0,(anonymous_28)
FNDA:0,(anonymous_29)
FNDA:0,(anonymous_31)
FNDA:0,(anonymous_32)
FNDA:0,(anonymous_33)
FNDA:0,(anonymous_34)
FNDA:0,(anonymous_36)
FNDA:0,(anonymous_37)
FNDA:0,(anonymous_38)
FNDA:0,(anonymous_40)
FNDA:0,(anonymous_41)
FNDA:0,(anonymous_42)
FNDA:0,(anonymous_43)
FNDA:0,(anonymous_44)
FNDA:0,(anonymous_45)
FNDA:0,(anonymous_46)
FNDA:0,(anonymous_47)
FNDA:0,(anonymous_48)
FNDA:0,(anonymous_49)
FNDA:0,(anonymous_50)
FNDA:0,(anonymous_51)
FNDA:0,(anonymous_52)
FNDA:0,(anonymous_53)
FNDA:0,(anonymous_54)
FNDA:0,(anonymous_55)
FNDA:0,(anonymous_56)
FNDA:0,(anonymous_57)
FNDA:0,(anonymous_58)
FNDA:0,(anonymous_59)
FNDA:0,(anonymous_60)
DA:50,0
DA:51,0
DA:54,0
DA:65,0
DA:66,0
DA:68,0
DA:70,0
DA:71,0
DA:72,0
DA:75,0
DA:82,0
DA:83,0
DA:86,0
DA:87,0
DA:88,0
DA:91,0
DA:94,0
DA:95,0
DA:96,0
DA:97,0
DA:98,0
DA:99,0
DA:102,0
DA:103,0
DA:108,0
DA:109,0
DA:110,0
DA:113,0
DA:115,0
DA:130,0
DA:131,0
DA:141,0
DA:143,0
DA:145,0
DA:147,0
DA:150,0
DA:151,0
DA:154,0
DA:155,0
DA:158,0
DA:159,0
DA:163,0
DA:164,0
DA:165,0
DA:169,0
DA:170,0
DA:171,0
DA:172,0
DA:175,0
DA:186,0
DA:188,0
DA:203,0
DA:204,0
DA:207,0
DA:209,0
DA:210,0
DA:211,0
DA:213,0
DA:215,0
DA:218,0
DA:226,0
DA:227,0
DA:229,0
DA:230,0
DA:231,0
DA:232,0
DA:233,0
DA:234,0
DA:235,0
DA:236,0
DA:237,0
DA:239,0
DA:242,0
DA:243,0
DA:247,0
DA:257,0
DA:260,0
DA:262,0
DA:263,0
DA:265,0
DA:268,0
DA:269,0
DA:271,0
DA:274,0
DA:275,0
DA:277,0
DA:278,0
DA:280,0
DA:281,0
DA:283,0
DA:286,0
DA:287,0
DA:289,0
DA:290,0
DA:292,0
DA:295,0
DA:296,0
DA:298,0
DA:301,0
DA:302,0
DA:304,0
DA:307,0
DA:308,0
DA:310,0
DA:311,0
DA:313,0
DA:317,0
DA:324,0
DA:325,0
DA:327,0
DA:338,0
DA:341,0
DA:343,0
DA:344,0
DA:346,0
DA:349,0
DA:350,0
DA:352,0
DA:355,0
DA:356,0
DA:358,0
DA:361,0
DA:362,0
DA:364,0
DA:367,0
DA:368,0
DA:370,0
DA:373,0
DA:374,0
DA:376,0
DA:379,0
DA:380,0
DA:382,0
DA:385,0
DA:386,0
DA:388,0
DA:391,0
DA:405,0
DA:408,0
DA:410,0
DA:411,0
DA:414,0
DA:415,0
DA:418,0
DA:419,0
DA:422,0
DA:423,0
DA:426,0
DA:431,0
DA:443,0
DA:446,0
DA:447,0
DA:448,0
DA:456,0
DA:457,0
DA:458,0
DA:466,0
DA:467,0
DA:468,0
DA:475,0
DA:485,0
DA:488,0
DA:489,0
DA:490,0
DA:498,0
DA:499,0
DA:500,0
DA:508,0
DA:509,0
DA:510,0
DA:517,0
DA:527,0
DA:530,0
DA:531,0
DA:532,0
DA:533,0
DA:541,0
DA:551,0
DA:554,0
DA:555,0
DA:558,0
DA:559,0
DA:560,0
DA:568,0
DA:576,0
DA:582,0
DA:589,0
DA:596,0
DA:603,0
DA:610,0
DA:615,0
DA:621,0
DA:628,0
DA:635,0
DA:642,0
DA:649,0
DA:656,0
DA:661,0
DA:667,0
DA:674,0
DA:681,0
DA:686,0
DA:692,0
DA:699,0
DA:706,0
DA:713,0
LF:206
LH:0
BRDA:70,0,0,0
BRDA:70,0,1,0
BRDA:71,1,0,0
BRDA:71,1,1,0
BRDA:94,2,0,0
BRDA:94,2,1,0
BRDA:95,3,0,0
BRDA:95,3,1,0
BRDA:97,4,0,0
BRDA:97,4,1,0
BRDA:118,5,0,0
BRDA:118,5,1,0
BRDA:130,6,0,0
BRDA:130,6,1,0
BRDA:158,7,0,0
BRDA:158,7,1,0
BRDA:163,8,0,0
BRDA:163,8,1,0
BRDA:163,9,0,0
BRDA:163,9,1,0
BRDA:170,10,0,0
BRDA:170,10,1,0
BRDA:193,11,0,0
BRDA:193,11,1,0
BRDA:203,12,0,0
BRDA:203,12,1,0
BRDA:209,13,0,0
BRDA:209,13,1,0
BRDA:209,14,0,0
BRDA:209,14,1,0
BRDA:211,15,0,0
BRDA:211,15,1,0
BRDA:215,16,0,0
BRDA:215,16,1,0
BRDA:230,17,0,0
BRDA:230,17,1,0
BRDA:232,18,0,0
BRDA:232,18,1,0
BRDA:234,19,0,0
BRDA:234,19,1,0
BRDA:236,20,0,0
BRDA:236,20,1,0
BRDA:242,21,0,0
BRDA:242,21,1,0
BRDA:260,22,0,0
BRDA:260,22,1,0
BRDA:260,22,2,0
BRDA:260,22,3,0
BRDA:260,22,4,0
BRDA:260,22,5,0
BRDA:260,22,6,0
BRDA:262,23,0,0
BRDA:262,23,1,0
BRDA:268,24,0,0
BRDA:268,24,1,0
BRDA:274,25,0,0
BRDA:274,25,1,0
BRDA:275,26,0,0
BRDA:275,26,1,0
BRDA:277,27,0,0
BRDA:277,27,1,0
BRDA:280,28,0,0
BRDA:280,28,1,0
BRDA:281,29,0,0
BRDA:281,29,1,0
BRDA:286,30,0,0
BRDA:286,30,1,0
BRDA:289,31,0,0
BRDA:289,31,1,0
BRDA:295,32,0,0
BRDA:295,32,1,0
BRDA:301,33,0,0
BRDA:301,33,1,0
BRDA:307,34,0,0
BRDA:307,34,1,0
BRDA:310,35,0,0
BRDA:310,35,1,0
BRDA:324,36,0,0
BRDA:324,36,1,0
BRDA:324,37,0,0
BRDA:324,37,1,0
BRDA:341,38,0,0
BRDA:341,38,1,0
BRDA:341,38,2,0
BRDA:341,38,3,0
BRDA:341,38,4,0
BRDA:341,38,5,0
BRDA:341,38,6,0
BRDA:341,38,7,0
BRDA:343,39,0,0
BRDA:343,39,1,0
BRDA:343,40,0,0
BRDA:343,40,1,0
BRDA:349,41,0,0
BRDA:349,41,1,0
BRDA:355,42,0,0
BRDA:355,42,1,0
BRDA:361,43,0,0
BRDA:361,43,1,0
BRDA:361,44,0,0
BRDA:361,44,1,0
BRDA:367,45,0,0
BRDA:367,45,1,0
BRDA:367,46,0,0
BRDA:367,46,1,0
BRDA:373,47,0,0
BRDA:373,47,1,0
BRDA:379,48,0,0
BRDA:379,48,1,0
BRDA:385,49,0,0
BRDA:385,49,1,0
BRDA:385,50,0,0
BRDA:385,50,1,0
BRDA:408,51,0,0
BRDA:408,51,1,0
BRDA:408,51,2,0
BRDA:408,51,3,0
BRDA:447,52,0,0
BRDA:447,52,1,0
BRDA:447,53,0,0
BRDA:447,53,1,0
BRDA:447,54,0,0
BRDA:447,54,1,0
BRDA:447,55,0,0
BRDA:447,55,1,0
BRDA:457,56,0,0
BRDA:457,56,1,0
BRDA:457,57,0,0
BRDA:457,57,1,0
BRDA:457,58,0,0
BRDA:457,58,1,0
BRDA:457,59,0,0
BRDA:457,59,1,0
BRDA:467,60,0,0
BRDA:467,60,1,0
BRDA:467,61,0,0
BRDA:467,61,1,0
BRDA:467,62,0,0
BRDA:467,62,1,0
BRDA:467,63,0,0
BRDA:467,63,1,0
BRDA:489,64,0,0
BRDA:489,64,1,0
BRDA:489,65,0,0
BRDA:489,65,1,0
BRDA:489,66,0,0
BRDA:489,66,1,0
BRDA:489,67,0,0
BRDA:489,67,1,0
BRDA:499,68,0,0
BRDA:499,68,1,0
BRDA:499,69,0,0
BRDA:499,69,1,0
BRDA:499,70,0,0
BRDA:499,70,1,0
BRDA:499,71,0,0
BRDA:499,71,1,0
BRDA:509,72,0,0
BRDA:509,72,1,0
BRDA:509,73,0,0
BRDA:509,73,1,0
BRDA:509,74,0,0
BRDA:509,74,1,0
BRDA:509,75,0,0
BRDA:509,75,1,0
BRDA:532,76,0,0
BRDA:532,76,1,0
BRDA:532,77,0,0
BRDA:532,77,1,0
BRDA:532,78,0,0
BRDA:532,78,1,0
BRDA:555,79,0,0
BRDA:555,79,1,0
BRDA:555,79,2,0
BRDA:555,79,3,0
BRDA:559,80,0,0
BRDA:559,80,1,0
BRDA:559,81,0,0
BRDA:559,81,1,0
BRDA:559,82,0,0
BRDA:559,82,1,0
BRDA:559,83,0,0
BRDA:559,83,1,0
BRDA:559,84,0,0
BRDA:559,84,1,0
BRDA:559,85,0,0
BRDA:559,85,1,0
BRDA:582,86,0,0
BRDA:582,86,1,0
BRDA:582,86,2,0
BRDA:589,87,0,0
BRDA:589,87,1,0
BRDA:596,88,0,0
BRDA:596,88,1,0
BRDA:603,89,0,0
BRDA:603,89,1,0
BRDA:610,90,0,0
BRDA:610,90,1,0
BRDA:621,91,0,0
BRDA:621,91,1,0
BRDA:621,91,2,0
BRDA:628,92,0,0
BRDA:628,92,1,0
BRDA:635,93,0,0
BRDA:635,93,1,0
BRDA:642,94,0,0
BRDA:642,94,1,0
BRDA:649,95,0,0
BRDA:649,95,1,0
BRDA:656,96,0,0
BRDA:656,96,1,0
BRDA:667,97,0,0
BRDA:667,97,1,0
BRDA:674,98,0,0
BRDA:674,98,1,0
BRDA:681,99,0,0
BRDA:681,99,1,0
BRDA:706,100,0,0
BRDA:706,100,1,0
BRDA:713,101,0,0
BRDA:713,101,1,0
BRF:221
BRH:0
end_of_record
